[I 2024-10-28 16:40:09,369] Trial 115 finished with value: 169.0 and parameters: {'liberty_weight': 3.7481484938398713, 'threat_weight': 8.132679124102943, 'stone_weight': 2.4749135984233352, 'center_weight': 4.532307649619817, 'eye_weight': 0.26946110982492105, 'aggression_weight': 7.2204907843205115, 'isolation_penalty': 0.8572538273934456}. Best is trial 56 with value: 195.0.
[I 2024-10-28 16:40:41,692] Trial 116 finished with value: 176.0 and parameters: {'liberty_weight': 3.8479102535298537, 'threat_weight': 8.738064651601313, 'stone_weight': 2.624918248001769, 'center_weight': 3.400334301222234, 'eye_weight': 1.8722790169505115, 'aggression_weight': 7.673769139842208, 'isolation_penalty': 4.696903605980036}. Best is trial 56 with value: 195.0.
[I 2024-10-28 16:58:06,729] Trial 118 finished with value: 168.0 and parameters: {'liberty_weight': 2.424845202544073, 'threat_weight': 8.729092207914995, 'stone_weight': 2.4897203933500567, 'center_weight': 3.650331913580589, 'eye_weight': 1.8742173235727462, 'aggression_weight': 8.723774433737214, 'isolation_penalty': 0.8485738296697264}. Best is trial 56 with value: 195.0.
[I 2024-10-28 17:04:56,421] Trial 117 finished with value: 156.0 and parameters: {'liberty_weight': 1.1663873796178765, 'threat_weight': 7.3902286342181105, 'stone_weight': 2.735475215528429, 'center_weight': 4.523015527137783, 'eye_weight': 1.9020369248812072, 'aggression_weight': 7.2508908991038, 'isolation_penalty': 4.649408580780058}. Best is trial 56 with value: 195.0.
[I 2024-10-28 17:12:45,786] Trial 120 finished with value: 187.0 and parameters: {'liberty_weight': 1.9479340637008151, 'threat_weight': 7.404614621321774, 'stone_weight': 2.4769242358598333, 'center_weight': 3.393414147517655, 'eye_weight': 0.34410547967760113, 'aggression_weight': 7.686852831735129, 'isolation_penalty': 0.14103187546147747}. Best is trial 56 with value: 195.0.
[I 2024-10-28 17:13:28,935] Trial 119 finished with value: 170.0 and parameters: {'liberty_weight': 1.1138593843112767, 'threat_weight': 8.736139889397839, 'stone_weight': 2.4013774332849627, 'center_weight': 3.651364711921093, 'eye_weight': 2.9253564059048154, 'aggression_weight': 7.730088329580583, 'isolation_penalty': 0.8383824990244795}. Best is trial 56 with value: 195.0.
[I 2024-10-28 17:24:01,626] Trial 121 finished with value: 174.0 and parameters: {'liberty_weight': 2.4184276485660456, 'threat_weight': 7.346143609796163, 'stone_weight': 2.4920125258433545, 'center_weight': 4.3090401689985045, 'eye_weight': 2.9696982672102568, 'aggression_weight': 8.234397334132964, 'isolation_penalty': 0.20611265599697653}. Best is trial 56 with value: 195.0.
[I 2024-10-28 17:25:38,432] Trial 122 finished with value: 170.0 and parameters: {'liberty_weight': 2.4875512346627384, 'threat_weight': 8.812441346781165, 'stone_weight': 2.344509315649174, 'center_weight': 3.006583854998553, 'eye_weight': 2.7199912640861097, 'aggression_weight': 7.6629850977638645, 'isolation_penalty': 0.15967545666775168}. Best is trial 56 with value: 195.0.
[I 2024-10-28 17:39:27,852] Trial 123 finished with value: 128.0 and parameters: {'liberty_weight': 4.719132535275729, 'threat_weight': 7.448821836374074, 'stone_weight': 5.2450239992600896, 'center_weight': 2.9685509232620926, 'eye_weight': 2.979083464980122, 'aggression_weight': 7.750863803693088, 'isolation_penalty': 0.20423699099510864}. Best is trial 56 with value: 195.0.
[I 2024-10-28 17:49:50,805] Trial 124 finished with value: 152.0 and parameters: {'liberty_weight': 2.4482884836389296, 'threat_weight': 7.332413375642762, 'stone_weight': 5.315285681731186, 'center_weight': 2.214661832805371, 'eye_weight': 3.0023717569684916, 'aggression_weight': 8.255233044268666, 'isolation_penalty': 7.508290117060168}. Best is trial 56 with value: 195.0.
[I 2024-10-28 17:50:28,392] Trial 125 finished with value: 132.0 and parameters: {'liberty_weight': 4.710482901180881, 'threat_weight': 7.426485726131392, 'stone_weight': 5.331746465993707, 'center_weight': 2.9913137587799117, 'eye_weight': 2.9753989906712413, 'aggression_weight': 8.186622733871053, 'isolation_penalty': 7.202338782187869}. Best is trial 56 with value: 195.0.
[I 2024-10-28 17:54:23,585] Trial 126 finished with value: 164.0 and parameters: {'liberty_weight': 2.024870792616678, 'threat_weight': 7.650034564926468, 'stone_weight': 5.19832366912347, 'center_weight': 3.090309406051051, 'eye_weight': 2.5758315959512186, 'aggression_weight': 6.80474532316447, 'isolation_penalty': 0.15528751050634543}. Best is trial 56 with value: 195.0.
[I 2024-10-28 18:05:06,342] Trial 128 finished with value: 146.0 and parameters: {'liberty_weight': 2.0961776676341604, 'threat_weight': 6.644785224917309, 'stone_weight': 3.5772129606071776, 'center_weight': 3.3689029737399876, 'eye_weight': 0.6342825556671488, 'aggression_weight': 3.6736547235303374, 'isolation_penalty': 0.11136450765625688}. Best is trial 56 with value: 195.0.
[I 2024-10-28 18:07:13,589] Trial 127 finished with value: 141.0 and parameters: {'liberty_weight': 1.8726882840343073, 'threat_weight': 6.542811588419814, 'stone_weight': 3.568446646612389, 'center_weight': 4.3223547519564, 'eye_weight': 2.884175687162907, 'aggression_weight': 3.342980711331111, 'isolation_penalty': 0.22769464659071403}. Best is trial 56 with value: 195.0.
[I 2024-10-28 18:15:15,048] Trial 129 finished with value: 174.0 and parameters: {'liberty_weight': 1.9712946982962785, 'threat_weight': 7.634260623468279, 'stone_weight': 5.2524603572342805, 'center_weight': 3.1534977508426993, 'eye_weight': 2.7642553993215695, 'aggression_weight': 8.66181379646055, 'isolation_penalty': 0.21954037722500536}. Best is trial 56 with value: 195.0.
[I 2024-10-28 18:18:09,327] Trial 130 finished with value: 133.0 and parameters: {'liberty_weight': 1.921439499299555, 'threat_weight': 6.570874742947502, 'stone_weight': 5.282730556705442, 'center_weight': 1.9296976798665781, 'eye_weight': 0.7199212847699638, 'aggression_weight': 6.891511235055792, 'isolation_penalty': 1.1047817740156956}. Best is trial 56 with value: 195.0.
[I 2024-10-28 18:36:50,240] Trial 131 finished with value: 186.0 and parameters: {'liberty_weight': 2.2173050486607107, 'threat_weight': 6.750576962449381, 'stone_weight': 4.0085210561197915, 'center_weight': 3.3660937842746868, 'eye_weight': 0.5991245175027844, 'aggression_weight': 6.804618327226562, 'isolation_penalty': 1.0948788327200456}. Best is trial 56 with value: 195.0.
