[I 2024-10-28 09:51:41,448] Trial 59 finished with value: 161.0 and parameters: {'liberty_weight': 3.0214474033615173, 'threat_weight': 5.686053258849285, 'stone_weight': 0.5449589445929203, 'center_weight': 3.961918958389678, 'eye_weight': 0.5016733991645748, 'aggression_weight': 9.530079959393118, 'isolation_penalty': 1.0581503869384372}. Best is trial 56 with value: 195.0.
[I 2024-10-28 09:52:12,360] Trial 58 finished with value: 181.0 and parameters: {'liberty_weight': 1.545798891997238, 'threat_weight': 5.907075531532854, 'stone_weight': 2.9838529964448224, 'center_weight': 4.0208135898263535, 'eye_weight': 0.5456314680635825, 'aggression_weight': 9.36195415140912, 'isolation_penalty': 0.9504476002427334}. Best is trial 56 with value: 195.0.
[I 2024-10-28 09:52:30,820] Trial 57 finished with value: 143.0 and parameters: {'liberty_weight': 1.4075818317511262, 'threat_weight': 9.616742064922216, 'stone_weight': 5.0192987850328405, 'center_weight': 4.633676444370138, 'eye_weight': 0.516184322544373, 'aggression_weight': 9.357727200887988, 'isolation_penalty': 4.216861048635734}. Best is trial 56 with value: 195.0.
[I 2024-10-28 09:58:02,837] Trial 60 finished with value: 165.0 and parameters: {'liberty_weight': 6.757525543115828, 'threat_weight': 5.77628634429531, 'stone_weight': 5.079451147168234, 'center_weight': 4.719646107449999, 'eye_weight': 0.5303905923885068, 'aggression_weight': 9.537207774748868, 'isolation_penalty': 0.9377814654027068}. Best is trial 56 with value: 195.0.
[I 2024-10-28 10:07:02,830] Trial 61 finished with value: 162.0 and parameters: {'liberty_weight': 1.32901745761865, 'threat_weight': 9.489077724331809, 'stone_weight': 5.040395764433612, 'center_weight': 4.647889885661429, 'eye_weight': 0.41953678307580705, 'aggression_weight': 7.872200773035337, 'isolation_penalty': 1.0555582445477145}. Best is trial 56 with value: 195.0.
[I 2024-10-28 10:11:59,116] Trial 62 finished with value: 146.0 and parameters: {'liberty_weight': 5.087188720602724, 'threat_weight': 9.672198830787874, 'stone_weight': 2.948008871430139, 'center_weight': 4.64193002237042, 'eye_weight': 3.2940914712449145, 'aggression_weight': 8.073014639393927, 'isolation_penalty': 4.247070565914493}. Best is trial 56 with value: 195.0.
[I 2024-10-28 10:31:14,630] Trial 63 finished with value: 154.0 and parameters: {'liberty_weight': 3.0458488523716007, 'threat_weight': 8.724513613888329, 'stone_weight': 5.539909586806395, 'center_weight': 4.618441565897017, 'eye_weight': 3.3274989121153, 'aggression_weight': 7.8925353369116475, 'isolation_penalty': 4.193237095331512}. Best is trial 56 with value: 195.0.
                                                                                                                                                                                                                                                                                                                                                                                       [I 2024-10-28 10:53:08,515] Trial 65 finished with value: 178.0 and parameters: {'liberty_weight': 1.4986464158698225, 'threat_weight': 9.642896362569031, 'stone_weight': 2.7411002315208357, 'center_weight': 4.674519781288458, 'eye_weight': 3.2791207541703544, 'aggression_weight': 7.878904620721663, 'isolation_penalty': 1.3507675532862127}. Best is trial 56 with value: 195.0.
[I 2024-10-28 10:55:29,408] Trial 68 finished with value: 161.0 and parameters: {'liberty_weight': 3.0854996072282117, 'threat_weight': 8.541662005370377, 'stone_weight': 5.880701385227906, 'center_weight': 4.674157201727042, 'eye_weight': 3.1788042895424606, 'aggression_weight': 8.074126466380283, 'isolation_penalty': 0.22617598216070045}. Best is trial 56 with value: 195.0.
[I 2024-10-28 10:58:27,542] Trial 69 finished with value: 180.0 and parameters: {'liberty_weight': 3.049059960784274, 'threat_weight': 8.459723239974732, 'stone_weight': 5.718623179891456, 'center_weight': 2.8435976643709724, 'eye_weight': 3.312189573500455, 'aggression_weight': 8.17758770710368, 'isolation_penalty': 0.4357974525601517}. Best is trial 56 with value: 195.0.
[I 2024-10-28 10:59:17,440] Trial 66 finished with value: 157.0 and parameters: {'liberty_weight': 0.9574452925598713, 'threat_weight': 9.590410088624486, 'stone_weight': 5.977188931330746, 'center_weight': 4.610401264226761, 'eye_weight': 3.3713410853249113, 'aggression_weight': 6.52471051755815, 'isolation_penalty': 4.010235620012863}. Best is trial 56 with value: 195.0.
[I 2024-10-28 11:00:55,030] Trial 67 finished with value: 140.0 and parameters: {'liberty_weight': 0.7802787793993557, 'threat_weight': 9.563002465423574, 'stone_weight': 5.695465363351045, 'center_weight': 4.657430977915903, 'eye_weight': 3.3616038291045998, 'aggression_weight': 7.983620771666574, 'isolation_penalty': 0.38579134627431294}. Best is trial 56 with value: 195.0.
[I 2024-10-28 11:12:18,033] Trial 70 finished with value: 177.0 and parameters: {'liberty_weight': 0.7805631350926472, 'threat_weight': 8.600175573127117, 'stone_weight': 5.50557177440858, 'center_weight': 2.895523684953584, 'eye_weight': 1.6863397356276617, 'aggression_weight': 9.958257210786176, 'isolation_penalty': 0.3898628069368817}. Best is trial 56 with value: 195.0.
[I 2024-10-28 11:29:52,955] Trial 71 finished with value: 144.0 and parameters: {'liberty_weight': 0.7890760885767023, 'threat_weight': 8.435545101608115, 'stone_weight': 5.744878579763758, 'center_weight': 2.435111766131709, 'eye_weight': 6.244655118616176, 'aggression_weight': 8.358824274625443, 'isolation_penalty': 0.29473342454402457}. Best is trial 56 with value: 195.0.
                                                                                                                                                                                                                                                                                                                                                                                                                                                                                                                                                                                                                                                                                                                                                                                                                                                                                                                                                                                                                                                                                                                                                                                                                                                                                                                                                                                                                                                                                                                                                                                                                                                                                                                                                                                                                                                                                                                                                                                                                                                                                                                                                                                                                                                                                                                                                                                                                                                                                                                                                                                                                                                                                                                                                                                                                                                                                                                                                                                                                                                                                                                                              [I 2024-10-28 12:45:33,736] Trial 80 finished with value: 168.0 and parameters: {'liberty_weight': 1.733022416371989, 'threat_weight': 6.224538500777054, 'stone_weight': 4.153663159902723, 'center_weight': 4.170619867760858, 'eye_weight': 0.9171613140706016, 'aggression_weight': 9.114717546233498, 'isolation_penalty': 2.007633130724241}. Best is trial 56 with value: 195.0.
[I 2024-10-28 12:48:05,573] Trial 81 finished with value: 148.0 and parameters: {'liberty_weight': 2.2393774044653907, 'threat_weight': 9.921666327569156, 'stone_weight': 0.3255958655898321, 'center_weight': 4.075553170757094, 'eye_weight': 0.8880239771606622, 'aggression_weight': 9.069925770412109, 'isolation_penalty': 1.9080598230401749}. Best is trial 56 with value: 195.0.
[I 2024-10-28 12:55:40,137] Trial 85 finished with value: 172.0 and parameters: {'liberty_weight': 3.51993533639582, 'threat_weight': 6.305826422463188, 'stone_weight': 3.3125855236219417, 'center_weight': 4.177954133951684, 'eye_weight': 0.9263485622431901, 'aggression_weight': 9.20375472746894, 'isolation_penalty': 1.4611945941785047}. Best is trial 56 with value: 195.0.
[I 2024-10-28 12:56:55,096] Trial 82 finished with value: 168.0 and parameters: {'liberty_weight': 1.6960455741558844, 'threat_weight': 6.221660371836479, 'stone_weight': 0.005374072216070669, 'center_weight': 3.3021272940674926, 'eye_weight': 0.847607127217004, 'aggression_weight': 8.964330619407166, 'isolation_penalty': 2.316067872526177}. Best is trial 56 with value: 195.0.
[I 2024-10-28 12:58:06,250] Trial 84 finished with value: 163.0 and parameters: {'liberty_weight': 1.6445949644068016, 'threat_weight': 5.220879200635766, 'stone_weight': 4.232286495950536, 'center_weight': 4.133708624417763, 'eye_weight': 0.09868339143389515, 'aggression_weight': 6.607401352477274, 'isolation_penalty': 1.4494479387294157}. Best is trial 56 with value: 195.0.
[I 2024-10-28 13:00:02,309] Trial 83 finished with value: 175.0 and parameters: {'liberty_weight': 1.5955552213691713, 'threat_weight': 9.998440297111175, 'stone_weight': 4.192381157323575, 'center_weight': 4.136127788517276, 'eye_weight': 0.9473218840801843, 'aggression_weight': 9.003983062030873, 'isolation_penalty': 2.033683736587295}. Best is trial 56 with value: 195.0.
[I 2024-10-28 13:05:23,418] Trial 86 finished with value: 160.0 and parameters: {'liberty_weight': 4.2238500376566535, 'threat_weight': 6.182933612668279, 'stone_weight': 3.12534847989899, 'center_weight': 4.096954407559677, 'eye_weight': 0.860318340173067, 'aggression_weight': 9.109707451925956, 'isolation_penalty': 1.4241515918935659}. Best is trial 56 with value: 195.0.
[I 2024-10-28 13:21:30,936] Trial 87 finished with value: 179.0 and parameters: {'liberty_weight': 1.70921807864344, 'threat_weight': 7.114771381516115, 'stone_weight': 3.2442037153488448, 'center_weight': 3.8289169595131787, 'eye_weight': 0.9955741378518184, 'aggression_weight': 7.570911093556223, 'isolation_penalty': 1.4701457017106154}. Best is trial 56 with value: 195.0.
[I 2024-10-28 13:36:01,291] Trial 89 finished with value: 168.0 and parameters: {'liberty_weight': 3.5220275739988107, 'threat_weight': 7.21408148541806, 'stone_weight': 3.2072972971615377, 'center_weight': 3.9569354574422455, 'eye_weight': 0.029187556001332382, 'aggression_weight': 6.5666581661943475, 'isolation_penalty': 1.4101686358994832}. Best is trial 56 with value: 195.0.
[I 2024-10-28 13:38:10,246] Trial 88 finished with value: 131.0 and parameters: {'liberty_weight': 3.5478698519812353, 'threat_weight': 6.9428312263473035, 'stone_weight': 4.723919098540414, 'center_weight': 3.83899959469573, 'eye_weight': 2.2701514143752495, 'aggression_weight': 6.658412334793006, 'isolation_penalty': 1.5143655070250985}. Best is trial 56 with value: 195.0.
[I 2024-10-28 13:48:33,266] Trial 92 finished with value: 123.0 and parameters: {'liberty_weight': 4.196012465017432, 'threat_weight': 7.121732370286685, 'stone_weight': 4.7062879207061155, 'center_weight': 4.501669792611348, 'eye_weight': 2.246320871427255, 'aggression_weight': 8.545614195716466, 'isolation_penalty': 0.0068506583801979035}. Best is trial 56 with value: 195.0.
[I 2024-10-28 13:51:36,126] Trial 91 finished with value: 164.0 and parameters: {'liberty_weight': 2.830211877563467, 'threat_weight': 7.077857460254053, 'stone_weight': 4.65796899542913, 'center_weight': 3.8158015543454806, 'eye_weight': 0.008334212621062598, 'aggression_weight': 6.538719921616787, 'isolation_penalty': 1.0586427184719682}. Best is trial 56 with value: 195.0.
[I 2024-10-28 13:52:36,533] Trial 90 finished with value: 134.0 and parameters: {'liberty_weight': 4.11764613351308, 'threat_weight': 7.138724057023714, 'stone_weight': 3.1545376814303006, 'center_weight': 3.8740699360757267, 'eye_weight': 2.166790556692819, 'aggression_weight': 7.406991620657548, 'isolation_penalty': 6.365134255312031}. Best is trial 56 with value: 195.0.
[I 2024-10-28 14:03:52,545] Trial 93 finished with value: 145.0 and parameters: {'liberty_weight': 2.7117054422098317, 'threat_weight': 6.916836711448482, 'stone_weight': 4.766591773083567, 'center_weight': 3.919389911066256, 'eye_weight': 2.242760500754876, 'aggression_weight': 7.506428824376748, 'isolation_penalty': 6.184306042068629}. Best is trial 56 with value: 195.0.
[I 2024-10-28 14:10:10,863] Trial 94 finished with value: 167.0 and parameters: {'liberty_weight': 2.6370432061272413, 'threat_weight': 7.045915814568842, 'stone_weight': 4.751023106503649, 'center_weight': 3.891083027242505, 'eye_weight': 2.307509290699506, 'aggression_weight': 5.589963613741265, 'isolation_penalty': 9.871974657420832}. Best is trial 56 with value: 195.0.
[I 2024-10-28 14:15:00,322] Trial 95 finished with value: 166.0 and parameters: {'liberty_weight': 2.7545555214006194, 'threat_weight': 9.0243947570039, 'stone_weight': 4.756479250218289, 'center_weight': 3.8856198949568554, 'eye_weight': 2.430053192245051, 'aggression_weight': 5.953731374651912, 'isolation_penalty': 0.9756978993062206}. Best is trial 56 with value: 195.0.
[I 2024-10-28 14:26:06,199] Trial 97 finished with value: 160.0 and parameters: {'liberty_weight': 2.8790455055972384, 'threat_weight': 7.878568650691401, 'stone_weight': 1.3341086012750627, 'center_weight': 4.3897258632292635, 'eye_weight': 2.2146789901387094, 'aggression_weight': 8.578434507245538, 'isolation_penalty': 0.0050494783378703945}. Best is trial 56 with value: 195.0.
[I 2024-10-28 14:35:21,782] Trial 96 finished with value: 183.0 and parameters: {'liberty_weight': 2.853194907342359, 'threat_weight': 7.895190368578184, 'stone_weight': 1.3561183386386935, 'center_weight': 3.812786101202038, 'eye_weight': 2.3033167514803967, 'aggression_weight': 5.901804653345871, 'isolation_penalty': 5.659588256286384}. Best is trial 56 with value: 195.0.
[I 2024-10-28 14:37:48,035] Trial 99 finished with value: 153.0 and parameters: {'liberty_weight': 3.223712106065344, 'threat_weight': 7.774974110638039, 'stone_weight': 0.6485553243981452, 'center_weight': 0.9385602710815555, 'eye_weight': 3.651214055113964, 'aggression_weight': 9.663085453454801, 'isolation_penalty': 0.624258744346226}. Best is trial 56 with value: 195.0.
[I 2024-10-28 14:47:30,600] Trial 98 finished with value: 145.0 and parameters: {'liberty_weight': 2.7536446385121813, 'threat_weight': 8.987312439872456, 'stone_weight': 0.6305453528149703, 'center_weight': 0.745895467556914, 'eye_weight': 2.576704231217306, 'aggression_weight': 5.853424196790424, 'isolation_penalty': 5.840834007641339}. Best is trial 56 with value: 195.0.
[I 2024-10-28 14:54:49,805] Trial 101 finished with value: 175.0 and parameters: {'liberty_weight': 3.0721860244140378, 'threat_weight': 9.0754986077144, 'stone_weight': 6.925678207177705, 'center_weight': 4.812781269181151, 'eye_weight': 3.6734011040568317, 'aggression_weight': 6.235561646869188, 'isolation_penalty': 0.5820235983797127}. Best is trial 56 with value: 195.0.
[I 2024-10-28 14:59:44,215] Trial 100 finished with value: 143.0 and parameters: {'liberty_weight': 3.1000385176906695, 'threat_weight': 9.035431689132162, 'stone_weight': 0.6464357573333351, 'center_weight': 4.846070443434567, 'eye_weight': 2.987545035725926, 'aggression_weight': 9.619507578035215, 'isolation_penalty': 9.9798645997748}. Best is trial 56 with value: 195.0.
[I 2024-10-28 15:01:00,869] Trial 102 finished with value: 167.0 and parameters: {'liberty_weight': 3.293889072595867, 'threat_weight': 8.94509306745385, 'stone_weight': 6.75349563749637, 'center_weight': 4.802742196974955, 'eye_weight': 3.590083567824184, 'aggression_weight': 6.07897547211611, 'isolation_penalty': 0.5792841919778362}. Best is trial 56 with value: 195.0.
[I 2024-10-28 15:05:43,006] Trial 103 finished with value: 188.0 and parameters: {'liberty_weight': 3.282991664124731, 'threat_weight': 7.932047923374191, 'stone_weight': 1.3120747665019863, 'center_weight': 4.799887162012422, 'eye_weight': 2.96867956512646, 'aggression_weight': 8.364451922799116, 'isolation_penalty': 0.6013272179423704}. Best is trial 56 with value: 195.0.
[I 2024-10-28 15:17:15,897] Trial 104 finished with value: 174.0 and parameters: {'liberty_weight': 3.331544763532112, 'threat_weight': 9.201788352045922, 'stone_weight': 6.727050994802259, 'center_weight': 4.772371949727863, 'eye_weight': 1.270404068238235, 'aggression_weight': 9.703710917901805, 'isolation_penalty': 0.5806723502589038}. Best is trial 56 with value: 195.0.
[I 2024-10-28 15:29:20,976] Trial 106 finished with value: 168.0 and parameters: {'liberty_weight': 5.667998435169117, 'threat_weight': 9.267116828748577, 'stone_weight': 1.8858217182544899, 'center_weight': 4.855176519954659, 'eye_weight': 1.2897965475411262, 'aggression_weight': 6.265460549699102, 'isolation_penalty': 5.659042154062159}. Best is trial 56 with value: 195.0.
[I 2024-10-28 15:32:18,653] Trial 105 finished with value: 143.0 and parameters: {'liberty_weight': 3.179138533492478, 'threat_weight': 7.847419399957978, 'stone_weight': 0.6941157044483086, 'center_weight': 4.839180247519201, 'eye_weight': 1.3311907555324876, 'aggression_weight': 5.167812185766254, 'isolation_penalty': 5.638936581332967}. Best is trial 56 with value: 195.0.
[I 2024-10-28 15:49:57,953] Trial 107 finished with value: 153.0 and parameters: {'liberty_weight': 3.2997465576214076, 'threat_weight': 9.277903982960188, 'stone_weight': 1.3681591120282899, 'center_weight': 4.818062963830206, 'eye_weight': 1.225640802333084, 'aggression_weight': 5.0182643276747445, 'isolation_penalty': 5.274056074711982}. Best is trial 56 with value: 195.0.
[I 2024-10-28 15:51:17,566] Trial 109 finished with value: 123.0 and parameters: {'liberty_weight': 7.994506802256428, 'threat_weight': 8.165027902213206, 'stone_weight': 1.9463753651252877, 'center_weight': 3.219051262559493, 'eye_weight': 1.2819124900161967, 'aggression_weight': 5.0545185819899086, 'isolation_penalty': 5.273998414252564}. Best is trial 56 with value: 195.0.
[I 2024-10-28 15:54:19,154] Trial 108 finished with value: 177.0 and parameters: {'liberty_weight': 3.861995111286115, 'threat_weight': 8.257430208818171, 'stone_weight': 1.3112652554460327, 'center_weight': 4.796726396114984, 'eye_weight': 4.349357077624998, 'aggression_weight': 8.305730715749066, 'isolation_penalty': 5.238944866784244}. Best is trial 56 with value: 195.0.
[I 2024-10-28 15:55:02,003] Trial 110 finished with value: 129.0 and parameters: {'liberty_weight': 3.831999147589528, 'threat_weight': 8.13781008111564, 'stone_weight': 1.2885145006880316, 'center_weight': 2.5349497162810573, 'eye_weight': 4.209789166614372, 'aggression_weight': 4.723051272537852, 'isolation_penalty': 5.026480105414672}. Best is trial 56 with value: 195.0.
[I 2024-10-28 16:01:51,809] Trial 112 finished with value: 165.0 and parameters: {'liberty_weight': 9.58826739154734, 'threat_weight': 8.15158167713354, 'stone_weight': 1.373549851519558, 'center_weight': 4.5519014068799235, 'eye_weight': 1.8921889597541006, 'aggression_weight': 4.971125172678621, 'isolation_penalty': 4.960019643079622}. Best is trial 56 with value: 195.0.
[I 2024-10-28 16:13:06,846] Trial 111 finished with value: 175.0 and parameters: {'liberty_weight': 1.0918351389727046, 'threat_weight': 8.161671113834714, 'stone_weight': 1.8962349674957353, 'center_weight': 3.7103801380514727, 'eye_weight': 1.8474749909938095, 'aggression_weight': 4.495088418512204, 'isolation_penalty': 5.300316913118456}. Best is trial 56 with value: 195.0.
[I 2024-10-28 16:23:36,921] Trial 114 finished with value: 163.0 and parameters: {'liberty_weight': 3.7510111187601796, 'threat_weight': 8.016714635259847, 'stone_weight': 1.3479058662167243, 'center_weight': 4.973763487666363, 'eye_weight': 0.2817709631071741, 'aggression_weight': 7.237568219653356, 'isolation_penalty': 0.8482785576479172}. Best is trial 56 with value: 195.0.
[I 2024-10-28 16:25:02,084] Trial 113 finished with value: 156.0 and parameters: {'liberty_weight': 3.8584210751104884, 'threat_weight': 8.142722719899808, 'stone_weight': 1.2840624290801879, 'center_weight': 4.5247828972976345, 'eye_weight': 4.458127972692187, 'aggression_weight': 5.191736163865227, 'isolation_penalty': 5.137093488194067}. Best is trial 56 with value: 195.0.
