[I 2024-10-27 19:45:07,966] A new study created in memory with name: no-name-f771cb67-7634-4e91-811a-d21ab223486f
[I 2024-10-27 20:31:50,808] Trial 0 finished with value: 105.0 and parameters: {'liberty_weight': 8.364071159240355, 'threat_weight': 4.162854672492445, 'stone_weight': 1.0904982775811267, 'center_weight': 2.0998890146137756, 'eye_weight': 2.5123631820405623, 'aggression_weight': 8.190135962962744, 'isolation_penalty': 9.911571797008925}. Best is trial 0 with value: 105.0.
[I 2024-10-27 20:33:58,884] Trial 6 finished with value: 150.0 and parameters: {'liberty_weight': 5.3354366308624, 'threat_weight': 3.326074667220836, 'stone_weight': 4.38301851078267, 'center_weight': 3.5456642915625944, 'eye_weight': 8.974946296010643, 'aggression_weight': 5.764119754669174, 'isolation_penalty': 5.741253884579086}. Best is trial 6 with value: 150.0.
[I 2024-10-27 20:34:20,293] Trial 5 finished with value: 141.0 and parameters: {'liberty_weight': 6.045029399113275, 'threat_weight': 6.393072286771842, 'stone_weight': 5.335568150638626, 'center_weight': 3.1724912759838353, 'eye_weight': 7.730227007195345, 'aggression_weight': 3.5664110474374375, 'isolation_penalty': 6.779255155892763}. Best is trial 6 with value: 150.0.
[I 2024-10-27 20:34:57,550] Trial 4 finished with value: 150.0 and parameters: {'liberty_weight': 6.250489783682603, 'threat_weight': 4.830894766553975, 'stone_weight': 7.800508098626348, 'center_weight': 2.081605899739967, 'eye_weight': 9.142095352044958, 'aggression_weight': 1.0791940672061329, 'isolation_penalty': 6.678647549355137}. Best is trial 6 with value: 150.0.
[I 2024-10-27 20:37:34,811] Trial 7 finished with value: 156.0 and parameters: {'liberty_weight': 5.451949456074333, 'threat_weight': 9.995603039219192, 'stone_weight': 5.692927537824291, 'center_weight': 4.66952660202285, 'eye_weight': 0.12863821077607307, 'aggression_weight': 7.478941470206898, 'isolation_penalty': 0.5651191194145078}. Best is trial 7 with value: 156.0.
[I 2024-10-27 20:38:02,154] Trial 1 finished with value: 152.0 and parameters: {'liberty_weight': 5.927606052734298, 'threat_weight': 2.629961960228846, 'stone_weight': 5.181104410610252, 'center_weight': 4.974994360971344, 'eye_weight': 5.639463649433633, 'aggression_weight': 0.27052931240027833, 'isolation_penalty': 6.637857365138359}. Best is trial 7 with value: 156.0.
[I 2024-10-27 20:52:10,039] Trial 3 finished with value: 146.0 and parameters: {'liberty_weight': 1.9565748627582735, 'threat_weight': 7.718923959206981, 'stone_weight': 9.518327351730978, 'center_weight': 3.8533500503917626, 'eye_weight': 1.6529521346302667, 'aggression_weight': 7.729820502529372, 'isolation_penalty': 9.566867290884423}. Best is trial 7 with value: 156.0.
[I 2024-10-27 20:59:00,268] Trial 2 finished with value: 160.0 and parameters: {'liberty_weight': 1.8268774463632476, 'threat_weight': 7.6306137001755046, 'stone_weight': 0.3599238271952965, 'center_weight': 3.7529400593480178, 'eye_weight': 6.244527119580145, 'aggression_weight': 6.49254094518902, 'isolation_penalty': 9.247298325456885}. Best is trial 2 with value: 160.0.
[I 2024-10-27 21:22:46,756] Trial 10 finished with value: 140.0 and parameters: {'liberty_weight': 3.4539733279053095, 'threat_weight': 1.4826320523035108, 'stone_weight': 8.25536535243654, 'center_weight': 1.691170799760108, 'eye_weight': 9.368393163825736, 'aggression_weight': 4.044361434896437, 'isolation_penalty': 1.0446771243414132}. Best is trial 2 with value: 160.0.
[I 2024-10-27 21:23:09,192] Trial 11 finished with value: 135.0 and parameters: {'liberty_weight': 5.356420358718149, 'threat_weight': 2.3593836877063836, 'stone_weight': 6.116499552212088, 'center_weight': 3.0309515143035615, 'eye_weight': 9.621300379717436, 'aggression_weight': 2.5769049052176376, 'isolation_penalty': 4.866200176210586}. Best is trial 2 with value: 160.0.
[I 2024-10-27 21:25:55,222] Trial 13 finished with value: 114.0 and parameters: {'liberty_weight': 9.258659161303257, 'threat_weight': 0.6920570767059986, 'stone_weight': 2.9397438628812567, 'center_weight': 2.6700550157700182, 'eye_weight': 5.331880895616802, 'aggression_weight': 7.8296006997702925, 'isolation_penalty': 7.857121044281664}. Best is trial 2 with value: 160.0.
[I 2024-10-27 21:40:49,840] Trial 9 finished with value: 126.0 and parameters: {'liberty_weight': 1.0356672926731514, 'threat_weight': 5.448766945364696, 'stone_weight': 8.439556715635737, 'center_weight': 0.7988339578129922, 'eye_weight': 3.1655500529648375, 'aggression_weight': 3.2203826112517895, 'isolation_penalty': 3.581238411687994}. Best is trial 2 with value: 160.0.
[I 2024-10-27 21:44:08,924] Trial 12 finished with value: 163.0 and parameters: {'liberty_weight': 0.46814865867785715, 'threat_weight': 2.413547769906571, 'stone_weight': 6.362589801928006, 'center_weight': 3.129310304870368, 'eye_weight': 9.119605784151133, 'aggression_weight': 2.0573840930514886, 'isolation_penalty': 8.126748322158676}. Best is trial 12 with value: 163.0.
[I 2024-10-27 21:44:23,271] Trial 8 finished with value: 161.0 and parameters: {'liberty_weight': 0.25776611198101707, 'threat_weight': 3.9409301974472966, 'stone_weight': 8.060361207540328, 'center_weight': 2.789496263461528, 'eye_weight': 0.24530196419480954, 'aggression_weight': 0.4716823390274605, 'isolation_penalty': 6.297694332343111}. Best is trial 12 with value: 163.0.
[I 2024-10-27 21:47:21,339] Trial 15 finished with value: 128.0 and parameters: {'liberty_weight': 5.808688321113099, 'threat_weight': 4.906198962835569, 'stone_weight': 2.004277428204767, 'center_weight': 1.319958321947624, 'eye_weight': 3.8535011872766614, 'aggression_weight': 1.6420964803866611, 'isolation_penalty': 7.011487313746887}. Best is trial 12 with value: 163.0.
[I 2024-10-27 21:49:31,590] Trial 14 finished with value: 179.0 and parameters: {'liberty_weight': 1.9423295239045701, 'threat_weight': 7.793688728945546, 'stone_weight': 4.310945881691476, 'center_weight': 4.82693892517905, 'eye_weight': 2.4585465619594715, 'aggression_weight': 6.195984300234484, 'isolation_penalty': 1.5543354020103728}. Best is trial 14 with value: 179.0.
[I 2024-10-27 22:12:00,019] Trial 16 finished with value: 155.0 and parameters: {'liberty_weight': 6.560825153334155, 'threat_weight': 9.488639254998652, 'stone_weight': 9.46951983656058, 'center_weight': 3.0622709684084155, 'eye_weight': 1.9657374269896377, 'aggression_weight': 6.155400473585619, 'isolation_penalty': 5.348455191127282}. Best is trial 14 with value: 179.0.
[I 2024-10-27 22:24:01,484] Trial 17 finished with value: 170.0 and parameters: {'liberty_weight': 0.32794516948439156, 'threat_weight': 8.792487522953902, 'stone_weight': 0.06878493868416413, 'center_weight': 0.3356203887690832, 'eye_weight': 5.406394355249768, 'aggression_weight': 9.691418121799636, 'isolation_penalty': 3.49847552402443}. Best is trial 14 with value: 179.0.
[I 2024-10-27 22:27:18,335] Trial 18 finished with value: 141.0 and parameters: {'liberty_weight': 0.20565810162418607, 'threat_weight': 9.818721812971223, 'stone_weight': 0.08903319851753011, 'center_weight': 0.5488444377107518, 'eye_weight': 0.042647428273613563, 'aggression_weight': 9.862387152172548, 'isolation_penalty': 0.34988192430453946}. Best is trial 14 with value: 179.0.
[I 2024-10-27 22:34:00,717] Trial 19 finished with value: 182.0 and parameters: {'liberty_weight': 3.316466614972694, 'threat_weight': 9.951275069507005, 'stone_weight': 0.3527263229177484, 'center_weight': 4.693598327546239, 'eye_weight': 0.30337864239125645, 'aggression_weight': 9.890503202266773, 'isolation_penalty': 0.0037071709878767622}. Best is trial 19 with value: 182.0.
[I 2024-10-27 22:44:05,639] Trial 23 finished with value: 172.0 and parameters: {'liberty_weight': 3.3172997780496836, 'threat_weight': 9.972046282060614, 'stone_weight': 3.4214768937720583, 'center_weight': 4.280981470004906, 'eye_weight': 7.5584787520568515, 'aggression_weight': 9.91235505892441, 'isolation_penalty': 2.0546460129266277}. Best is trial 19 with value: 182.0.
[I 2024-10-27 22:54:22,389] Trial 22 finished with value: 120.0 and parameters: {'liberty_weight': 0.016991013621009132, 'threat_weight': 0.3181445332316777, 'stone_weight': 6.961886888803048, 'center_weight': 0.3612281499010761, 'eye_weight': 7.292192970117803, 'aggression_weight': 0.1266687640544764, 'isolation_penalty': 3.290375331339599}. Best is trial 19 with value: 182.0.
[I 2024-10-27 22:57:01,282] Trial 20 finished with value: 158.0 and parameters: {'liberty_weight': 0.319828920814913, 'threat_weight': 8.28400365738805, 'stone_weight': 0.4667381226805487, 'center_weight': 4.02450525220661, 'eye_weight': 7.055505445276907, 'aggression_weight': 5.428304232013819, 'isolation_penalty': 8.462284852391186}. Best is trial 19 with value: 182.0.
[I 2024-10-27 22:57:15,654] Trial 21 finished with value: 132.0 and parameters: {'liberty_weight': 0.5566676591369033, 'threat_weight': 0.21831192967525404, 'stone_weight': 7.135763559936104, 'center_weight': 1.1951099046026044, 'eye_weight': 3.8083184933171834, 'aggression_weight': 1.7664468834396034, 'isolation_penalty': 3.5711371426240532}. Best is trial 19 with value: 182.0.
[I 2024-10-27 22:58:24,603] Trial 24 finished with value: 122.0 and parameters: {'liberty_weight': 3.312610437148879, 'threat_weight': 8.189474001294222, 'stone_weight': 3.7119699880358326, 'center_weight': 0.08259237818493181, 'eye_weight': 7.227122772516696, 'aggression_weight': 4.2405301980090275, 'isolation_penalty': 2.5895410623157344}. Best is trial 19 with value: 182.0.
[I 2024-10-27 23:11:54,575] Trial 25 finished with value: 181.0 and parameters: {'liberty_weight': 3.410940052690247, 'threat_weight': 8.282703970639956, 'stone_weight': 3.666651687005816, 'center_weight': 0.2889120354742002, 'eye_weight': 4.105878637006174, 'aggression_weight': 9.904684180895241, 'isolation_penalty': 2.1859167784466838}. Best is trial 19 with value: 182.0.
[I 2024-10-27 23:15:38,360] Trial 26 finished with value: 150.0 and parameters: {'liberty_weight': 3.328331287474801, 'threat_weight': 8.217380243465957, 'stone_weight': 3.7786764331784615, 'center_weight': 0.07502463919248559, 'eye_weight': 3.970113186479824, 'aggression_weight': 9.872604012971008, 'isolation_penalty': 2.287294524923027}. Best is trial 19 with value: 182.0.
[I 2024-10-27 23:25:35,668] Trial 27 finished with value: 158.0 and parameters: {'liberty_weight': 3.656856325090693, 'threat_weight': 8.091943262572014, 'stone_weight': 3.7207434511955038, 'center_weight': 4.2851979449227855, 'eye_weight': 3.766820127894415, 'aggression_weight': 4.968327124595611, 'isolation_penalty': 2.492298557605064}. Best is trial 19 with value: 182.0.
[I 2024-10-27 23:39:43,972] Trial 28 finished with value: 163.0 and parameters: {'liberty_weight': 3.461023739076616, 'threat_weight': 8.541892905603719, 'stone_weight': 3.4794127994616124, 'center_weight': 4.286352424082307, 'eye_weight': 7.259322079289148, 'aggression_weight': 8.845873992002302, 'isolation_penalty': 1.6406248468519937}. Best is trial 19 with value: 182.0.
[I 2024-10-27 23:43:45,377] Trial 29 finished with value: 177.0 and parameters: {'liberty_weight': 3.9504559211697696, 'threat_weight': 8.073256429145825, 'stone_weight': 3.885805010669075, 'center_weight': 4.280279437113378, 'eye_weight': 4.229501592064339, 'aggression_weight': 8.875107551573318, 'isolation_penalty': 1.7685003575854439}. Best is trial 19 with value: 182.0.
[I 2024-10-27 23:46:40,040] Trial 31 finished with value: 173.0 and parameters: {'liberty_weight': 3.7864553359751634, 'threat_weight': 6.989640588134562, 'stone_weight': 3.8239455606009205, 'center_weight': 4.473777649213544, 'eye_weight': 1.404797555713516, 'aggression_weight': 8.926618768525064, 'isolation_penalty': 1.6204455690069697}. Best is trial 19 with value: 182.0.
[I 2024-10-27 23:47:29,890] Trial 30 finished with value: 177.0 and parameters: {'liberty_weight': 3.717598863670995, 'threat_weight': 6.722634496501584, 'stone_weight': 3.7313334720574636, 'center_weight': 4.3769722410497085, 'eye_weight': 4.074487690475617, 'aggression_weight': 9.252428368816206, 'isolation_penalty': 1.7747488885344938}. Best is trial 19 with value: 182.0.
[I 2024-10-27 23:51:59,973] Trial 32 finished with value: 131.0 and parameters: {'liberty_weight': 3.940001574822041, 'threat_weight': 6.292340205406981, 'stone_weight': 2.5615447258249815, 'center_weight': 4.375617110157553, 'eye_weight': 1.2248546797457764, 'aggression_weight': 8.835886768940133, 'isolation_penalty': 1.7365309857899578}. Best is trial 19 with value: 182.0.
[I 2024-10-28 00:01:19,715] Trial 33 finished with value: 154.0 and parameters: {'liberty_weight': 4.45659031008738, 'threat_weight': 6.668883240037706, 'stone_weight': 2.169096064272332, 'center_weight': 4.44385544056837, 'eye_weight': 0.8354447952573505, 'aggression_weight': 8.484155449600719, 'isolation_penalty': 1.2199334208601962}. Best is trial 19 with value: 182.0.
[I 2024-10-28 00:05:28,924] Trial 34 finished with value: 162.0 and parameters: {'liberty_weight': 4.010969645488251, 'threat_weight': 6.603883609802453, 'stone_weight': 2.1252204347575963, 'center_weight': 4.470411208227718, 'eye_weight': 1.2305147826911091, 'aggression_weight': 8.741845111896051, 'isolation_penalty': 1.2365454038924826}. Best is trial 19 with value: 182.0.
[I 2024-10-28 00:13:32,079] Trial 35 finished with value: 161.0 and parameters: {'liberty_weight': 4.451173449579552, 'threat_weight': 6.889561550707823, 'stone_weight': 2.193149914063726, 'center_weight': 4.9666109126516425, 'eye_weight': 1.0152865344596658, 'aggression_weight': 8.80292961726795, 'isolation_penalty': 1.304590553824026}. Best is trial 19 with value: 182.0.
[I 2024-10-28 00:25:50,423] Trial 36 finished with value: 181.0 and parameters: {'liberty_weight': 4.363717635729657, 'threat_weight': 6.63043099131535, 'stone_weight': 1.4277576064652389, 'center_weight': 4.886983084293045, 'eye_weight': 1.5150878584156344, 'aggression_weight': 9.077426963476501, 'isolation_penalty': 0.016341210225770262}. Best is trial 19 with value: 182.0.
[I 2024-10-28 00:32:58,383] Trial 37 finished with value: 135.0 and parameters: {'liberty_weight': 2.017928777696196, 'threat_weight': 6.491500603232667, 'stone_weight': 2.222883407788348, 'center_weight': 2.2620281795664656, 'eye_weight': 1.1965923080651848, 'aggression_weight': 6.9414014707924485, 'isolation_penalty': 0.023913715805078242}. Best is trial 19 with value: 182.0.
[I 2024-10-28 00:46:41,102] Trial 39 finished with value: 159.0 and parameters: {'liberty_weight': 4.4705800120823795, 'threat_weight': 9.225981974140955, 'stone_weight': 2.360163543575644, 'center_weight': 4.996407659679335, 'eye_weight': 2.8380585863985637, 'aggression_weight': 8.505841506237273, 'isolation_penalty': 0.04789143901578048}. Best is trial 19 with value: 182.0.
[I 2024-10-28 00:46:57,304] Trial 38 finished with value: 160.0 and parameters: {'liberty_weight': 4.397393487391511, 'threat_weight': 9.057403210881033, 'stone_weight': 2.070201975120362, 'center_weight': 4.940021311867455, 'eye_weight': 2.7686489376893553, 'aggression_weight': 8.805091356905741, 'isolation_penalty': 0.060300013309823264}. Best is trial 19 with value: 182.0.
[I 2024-10-28 00:55:00,218] Trial 40 finished with value: 165.0 and parameters: {'liberty_weight': 2.410038445602752, 'threat_weight': 8.869234387772313, 'stone_weight': 1.7139110962741597, 'center_weight': 4.912490272676243, 'eye_weight': 2.8502578788124735, 'aggression_weight': 8.408486621602975, 'isolation_penalty': 0.1911670657308373}. Best is trial 19 with value: 182.0.
[I 2024-10-28 01:04:14,270] Trial 41 finished with value: 194.0 and parameters: {'liberty_weight': 2.395513815372629, 'threat_weight': 9.069563040647092, 'stone_weight': 1.386773878433159, 'center_weight': 4.999842692896915, 'eye_weight': 2.6595128954681306, 'aggression_weight': 7.119457778184321, 'isolation_penalty': 0.020759040877229917}. Best is trial 41 with value: 194.0.
[I 2024-10-28 01:13:37,019] Trial 42 finished with value: 161.0 and parameters: {'liberty_weight': 2.5051070829551265, 'threat_weight': 8.845456432513066, 'stone_weight': 4.5023539721617825, 'center_weight': 4.957762566137311, 'eye_weight': 2.8095898720081998, 'aggression_weight': 6.999398530374857, 'isolation_penalty': 4.411532938438653}. Best is trial 41 with value: 194.0.
[I 2024-10-28 01:15:32,641] Trial 43 finished with value: 192.0 and parameters: {'liberty_weight': 2.548337956204848, 'threat_weight': 9.078183254452377, 'stone_weight': 4.581101209265055, 'center_weight': 4.992229667161959, 'eye_weight': 2.6309730239334685, 'aggression_weight': 7.6127534159625485, 'isolation_penalty': 0.04407517228871939}. Best is trial 41 with value: 194.0.
[I 2024-10-28 01:46:23,358] Trial 44 finished with value: 172.0 and parameters: {'liberty_weight': 2.4770534848664343, 'threat_weight': 9.294517361769703, 'stone_weight': 1.0307825814561276, 'center_weight': 4.84699125924764, 'eye_weight': 2.5076829347212017, 'aggression_weight': 7.035895692131325, 'isolation_penalty': 0.06688042209866385}. Best is trial 41 with value: 194.0.
[I 2024-10-28 01:54:41,972] Trial 47 finished with value: 180.0 and parameters: {'liberty_weight': 2.586503703874658, 'threat_weight': 7.348846901934449, 'stone_weight': 1.435836639416662, 'center_weight': 3.916346954489021, 'eye_weight': 2.1827069731509385, 'aggression_weight': 7.151355794836122, 'isolation_penalty': 0.6984697274044582}. Best is trial 41 with value: 194.0.
[I 2024-10-28 01:55:15,641] Trial 45 finished with value: 171.0 and parameters: {'liberty_weight': 2.0162066647596486, 'threat_weight': 9.138093607379624, 'stone_weight': 1.0633262788669862, 'center_weight': 4.890695174376491, 'eye_weight': 2.694822361083374, 'aggression_weight': 8.022178100561995, 'isolation_penalty': 0.5613338326783041}. Best is trial 41 with value: 194.0.
[I 2024-10-28 02:01:17,317] Trial 46 finished with value: 137.0 and parameters: {'liberty_weight': 1.9087603904086625, 'threat_weight': 7.5315022526821, 'stone_weight': 1.0015731445902465, 'center_weight': 3.666101252628806, 'eye_weight': 2.2899763817150287, 'aggression_weight': 7.061215918629662, 'isolation_penalty': 0.5971094753978944}. Best is trial 41 with value: 194.0.
[I 2024-10-28 02:13:24,259] Trial 48 finished with value: 174.0 and parameters: {'liberty_weight': 2.4940127422005354, 'threat_weight': 7.615642191573116, 'stone_weight': 4.571707892367451, 'center_weight': 3.6849452323949867, 'eye_weight': 4.740575148316971, 'aggression_weight': 6.982422134849662, 'isolation_penalty': 2.934910028514108}. Best is trial 41 with value: 194.0.
[I 2024-10-28 02:16:20,017] Trial 49 finished with value: 145.0 and parameters: {'liberty_weight': 2.6519402025114407, 'threat_weight': 7.486849086891535, 'stone_weight': 1.0505197803095183, 'center_weight': 3.5871244864360667, 'eye_weight': 2.0473534621974325, 'aggression_weight': 7.087269730324894, 'isolation_penalty': 0.7562692070268757}. Best is trial 41 with value: 194.0.
[I 2024-10-28 02:27:46,321] Trial 51 finished with value: 172.0 and parameters: {'liberty_weight': 2.7049246523533395, 'threat_weight': 7.308358375446299, 'stone_weight': 1.3555930241319114, 'center_weight': 3.5727689857931733, 'eye_weight': 1.9789011134269776, 'aggression_weight': 7.514822571344624, 'isolation_penalty': 0.7165793056358638}. Best is trial 41 with value: 194.0.
[I 2024-10-28 02:31:56,761] Trial 50 finished with value: 135.0 and parameters: {'liberty_weight': 1.334498216463261, 'threat_weight': 7.611330358962982, 'stone_weight': 1.0236852320349126, 'center_weight': 3.546073881137752, 'eye_weight': 1.859886484348731, 'aggression_weight': 7.354149113856844, 'isolation_penalty': 0.6546791975280257}. Best is trial 41 with value: 194.0.
[I 2024-10-28 04:23:58,975] Trial 52 finished with value: 183.0 and parameters: {'liberty_weight': 2.8794291022247402, 'threat_weight': 7.501277128370784, 'stone_weight': 1.387989798486153, 'center_weight': 3.8877660104409673, 'eye_weight': 1.8632530366174351, 'aggression_weight': 7.888360686407144, 'isolation_penalty': 0.6487960434476675}. Best is trial 41 with value: 194.0.
[I 2024-10-28 05:18:33,909] Trial 53 finished with value: 110.0 and parameters: {'liberty_weight': 6.815928531512547, 'threat_weight': 5.724601042778332, 'stone_weight': 0.7878558655921272, 'center_weight': 3.4804667556005153, 'eye_weight': 4.693271222924077, 'aggression_weight': 9.388819387320819, 'isolation_penalty': 0.7934420862302778}. Best is trial 41 with value: 194.0.
[I 2024-10-28 05:39:41,214] Trial 55 finished with value: 169.0 and parameters: {'liberty_weight': 7.105509148185689, 'threat_weight': 5.7831835891139995, 'stone_weight': 5.077315648282928, 'center_weight': 3.4503872163826808, 'eye_weight': 0.5247652032331613, 'aggression_weight': 9.396541031941299, 'isolation_penalty': 0.8758093371753796}. Best is trial 41 with value: 194.0.
[I 2024-10-28 07:11:26,039] Trial 54 finished with value: 162.0 and parameters: {'liberty_weight': 1.245164015280412, 'threat_weight': 7.44749950567996, 'stone_weight': 0.814787140619124, 'center_weight': 3.5216370675256607, 'eye_weight': 4.709334029395198, 'aggression_weight': 9.52436175554828, 'isolation_penalty': 0.6775796236134712}. Best is trial 41 with value: 194.0.
[I 2024-10-28 08:07:18,948] Trial 56 finished with value: 195.0 and parameters: {'liberty_weight': 1.2866824739015525, 'threat_weight': 9.645713940511298, 'stone_weight': 5.035281868832105, 'center_weight': 3.400971439390617, 'eye_weight': 0.6685850571951608, 'aggression_weight': 9.308199199910465, 'isolation_penalty': 1.0958084769880352}. Best is trial 56 with value: 195.0.
