[I 2024-10-25 02:43:46,554] Trial 187 finished with value: 46.0 and parameters: {'liberty_weight': 1.6276202326344702, 'threat_weight': 6.116097946779754, 'stone_weight': 1.2087331149485196, 'center_weight': 0.8628765182532684, 'eye_weight': 1.5526311772316905, 'aggression_weight': 1.1344836457456395}. Best is trial 42 with value: 58.0.
[I 2024-10-25 02:47:10,484] Trial 188 finished with value: 48.0 and parameters: {'liberty_weight': 0.33123539726018847, 'threat_weight': 3.564443490134064, 'stone_weight': 0.32671537266818, 'center_weight': 0.5642682616209821, 'eye_weight': 0.6790478172644321, 'aggression_weight': 8.782395530240926}. Best is trial 42 with value: 58.0.
[I 2024-10-25 02:51:29,510] Trial 189 finished with value: 53.0 and parameters: {'liberty_weight': 0.2769087600484324, 'threat_weight': 6.169721077514122, 'stone_weight': 0.24127400537704524, 'center_weight': 0.5556231087054577, 'eye_weight': 0.6299720591659631, 'aggression_weight': 0.5899309640656953}. Best is trial 42 with value: 58.0.
[I 2024-10-25 02:52:10,468] Trial 190 finished with value: 54.0 and parameters: {'liberty_weight': 0.612100332260403, 'threat_weight': 3.2762222471152342, 'stone_weight': 2.546220427275472, 'center_weight': 0.6863206801281807, 'eye_weight': 0.6263638316777138, 'aggression_weight': 0.8568645580706824}. Best is trial 42 with value: 58.0.
[I 2024-10-25 02:54:59,774] Trial 191 finished with value: 51.0 and parameters: {'liberty_weight': 0.6132969876185754, 'threat_weight': 2.80785128028187, 'stone_weight': 1.6655266368656663, 'center_weight': 0.6320501561623402, 'eye_weight': 0.658285450892089, 'aggression_weight': 0.7185179504644932}. Best is trial 42 with value: 58.0.
[I 2024-10-25 02:57:45,805] Trial 192 finished with value: 41.0 and parameters: {'liberty_weight': 1.624726890756475, 'threat_weight': 2.9147187734950495, 'stone_weight': 0.3361626349611432, 'center_weight': 0.7327420520546969, 'eye_weight': 1.4692323532525862, 'aggression_weight': 8.919522916604246}. Best is trial 42 with value: 58.0.
[I 2024-10-25 02:58:50,605] Trial 193 finished with value: 45.0 and parameters: {'liberty_weight': 0.4522106597305212, 'threat_weight': 3.1113269673872446, 'stone_weight': 0.3486334426021026, 'center_weight': 0.7468272049493745, 'eye_weight': 4.787929965459799, 'aggression_weight': 1.039398175160173}. Best is trial 42 with value: 58.0.
[I 2024-10-25 03:01:21,161] Trial 194 finished with value: 49.0 and parameters: {'liberty_weight': 1.5778418959702352, 'threat_weight': 3.2676618540661813, 'stone_weight': 0.2764654000033996, 'center_weight': 0.05216345670177577, 'eye_weight': 1.5638294855077393, 'aggression_weight': 0.6768871527557131}. Best is trial 42 with value: 58.0.
[I 2024-10-25 03:03:30,344] Trial 195 finished with value: 53.0 and parameters: {'liberty_weight': 1.691518060291804, 'threat_weight': 3.1620108056700684, 'stone_weight': 0.3868648949641765, 'center_weight': 0.9482497324156326, 'eye_weight': 0.9281051948047154, 'aggression_weight': 6.023973237504846}. Best is trial 42 with value: 58.0.
[I 2024-10-25 03:07:23,204] Trial 196 finished with value: 51.0 and parameters: {'liberty_weight': 1.5824936821248834, 'threat_weight': 3.005394512030602, 'stone_weight': 0.7505704114578214, 'center_weight': 0.9488153190613725, 'eye_weight': 0.5022105589058317, 'aggression_weight': 0.6312926446651418}. Best is trial 42 with value: 58.0.
[I 2024-10-25 03:10:49,059] Trial 197 finished with value: 58.0 and parameters: {'liberty_weight': 0.4981695613222914, 'threat_weight': 7.8608061790556585, 'stone_weight': 1.40933839863018, 'center_weight': 0.6150682047710329, 'eye_weight': 0.9042200347998705, 'aggression_weight': 2.00078097408484}. Best is trial 42 with value: 58.0.
[I 2024-10-25 03:16:15,953] Trial 198 finished with value: 53.0 and parameters: {'liberty_weight': 0.42993201282816745, 'threat_weight': 8.422295238542084, 'stone_weight': 0.7939902244833517, 'center_weight': 0.9450553222380541, 'eye_weight': 2.5030769896645446, 'aggression_weight': 5.6787767100599575}. Best is trial 42 with value: 58.0.
[I 2024-10-25 03:17:32,329] Trial 199 finished with value: 50.0 and parameters: {'liberty_weight': 0.4448137363452766, 'threat_weight': 0.47193171197666217, 'stone_weight': 1.028399879278074, 'center_weight': 0.9424535551012536, 'eye_weight': 2.4664478586265495, 'aggression_weight': 6.075829146857149}. Best is trial 42 with value: 58.0.
[I 2024-10-25 03:19:31,146] Trial 201 finished with value: 52.0 and parameters: {'liberty_weight': 0.8331622332257989, 'threat_weight': 9.015360878591682, 'stone_weight': 1.0130921990931459, 'center_weight': 0.9553471430735241, 'eye_weight': 0.8832131278383861, 'aggression_weight': 5.952291470891835}. Best is trial 42 with value: 58.0.
[I 2024-10-25 03:19:52,186] Trial 200 finished with value: 55.0 and parameters: {'liberty_weight': 0.4149706116099069, 'threat_weight': 2.59613948714757, 'stone_weight': 1.3968602509722217, 'center_weight': 0.9496964095771924, 'eye_weight': 0.9609257684861201, 'aggression_weight': 2.358136299366087}. Best is trial 42 with value: 58.0.
[I 2024-10-25 03:23:57,080] Trial 202 finished with value: 52.0 and parameters: {'liberty_weight': 1.4178396004768585, 'threat_weight': 8.382778735820168, 'stone_weight': 1.472333565794782, 'center_weight': 0.9336033041844263, 'eye_weight': 0.9223426254752498, 'aggression_weight': 5.993252954784111}. Best is trial 42 with value: 58.0.
[I 2024-10-25 03:26:44,595] Trial 203 finished with value: 52.0 and parameters: {'liberty_weight': 1.5344769040427386, 'threat_weight': 7.862391104470454, 'stone_weight': 0.7586087761434129, 'center_weight': 0.9284014150241583, 'eye_weight': 2.4692702159857434, 'aggression_weight': 5.751121602841698}. Best is trial 42 with value: 58.0.
[I 2024-10-25 03:28:02,603] Trial 204 finished with value: 45.0 and parameters: {'liberty_weight': 1.5410212890143153, 'threat_weight': 7.911886384513997, 'stone_weight': 1.02257119864931, 'center_weight': 0.22424526085862076, 'eye_weight': 2.5310849948645515, 'aggression_weight': 5.894399920254411}. Best is trial 42 with value: 58.0.
[I 2024-10-25 03:35:12,242] Trial 205 finished with value: 46.0 and parameters: {'liberty_weight': 0.44536861971268477, 'threat_weight': 8.24872407546436, 'stone_weight': 1.4085282930656562, 'center_weight': 0.6386177695653907, 'eye_weight': 0.9101392949769089, 'aggression_weight': 1.8868864246376935}. Best is trial 42 with value: 58.0.
[I 2024-10-25 03:36:55,917] Trial 207 finished with value: 57.0 and parameters: {'liberty_weight': 0.4147729779514005, 'threat_weight': 7.829416174498618, 'stone_weight': 1.4081161475894959, 'center_weight': 0.22213324339999588, 'eye_weight': 0.8660678840027678, 'aggression_weight': 1.9217185348459478}. Best is trial 42 with value: 58.0.
[I 2024-10-25 03:36:58,785] Trial 206 finished with value: 50.0 and parameters: {'liberty_weight': 0.42218393519215835, 'threat_weight': 8.275676053917664, 'stone_weight': 1.3949145320908614, 'center_weight': 0.5239144805974257, 'eye_weight': 0.9174230295408435, 'aggression_weight': 5.955264165804872}. Best is trial 42 with value: 58.0.
[I 2024-10-25 03:40:02,162] Trial 209 finished with value: 50.0 and parameters: {'liberty_weight': 0.4099617927635142, 'threat_weight': 2.6677459393432876, 'stone_weight': 1.3973795379833467, 'center_weight': 0.6097199194987176, 'eye_weight': 0.8903063425472417, 'aggression_weight': 2.0023538096673903}. Best is trial 42 with value: 58.0.
[I 2024-10-25 03:43:12,099] Trial 208 finished with value: 48.0 and parameters: {'liberty_weight': 0.494552623934777, 'threat_weight': 7.773027839431971, 'stone_weight': 1.3753285808361184, 'center_weight': 0.6393445917869999, 'eye_weight': 0.9508097144297494, 'aggression_weight': 3.2816883649312305}. Best is trial 42 with value: 58.0.
[I 2024-10-25 03:45:04,235] Trial 210 finished with value: 56.0 and parameters: {'liberty_weight': 0.4160325393036404, 'threat_weight': 7.843760430622628, 'stone_weight': 1.3832258181154538, 'center_weight': 0.6719575216268838, 'eye_weight': 0.9812568028915695, 'aggression_weight': 2.7291966299484955}. Best is trial 42 with value: 58.0.
[I 2024-10-25 03:48:10,586] Trial 211 finished with value: 54.0 and parameters: {'liberty_weight': 0.5106878970075903, 'threat_weight': 2.165091206043097, 'stone_weight': 1.418040043345096, 'center_weight': 0.22598238283093286, 'eye_weight': 0.9793084320111467, 'aggression_weight': 3.791300937769827}. Best is trial 42 with value: 58.0.
[I 2024-10-25 03:54:07,763] Trial 212 finished with value: 54.0 and parameters: {'liberty_weight': 0.39887668217875005, 'threat_weight': 7.57158793096125, 'stone_weight': 1.4399839917906079, 'center_weight': 0.8802669492905417, 'eye_weight': 0.932635660316179, 'aggression_weight': 2.237107330338899}. Best is trial 42 with value: 58.0.
[I 2024-10-25 03:56:06,333] Trial 213 finished with value: 46.0 and parameters: {'liberty_weight': 0.5225903459279722, 'threat_weight': 2.171647907100249, 'stone_weight': 1.385662791850457, 'center_weight': 0.6144870246902517, 'eye_weight': 2.0927431851977816, 'aggression_weight': 2.147390195445815}. Best is trial 42 with value: 58.0.
[I 2024-10-25 03:57:39,894] Trial 214 finished with value: 52.0 and parameters: {'liberty_weight': 0.4126527625517696, 'threat_weight': 2.247605855853325, 'stone_weight': 1.4150716714791192, 'center_weight': 0.5245705309981995, 'eye_weight': 2.1089914572760327, 'aggression_weight': 1.6152390178200817}. Best is trial 42 with value: 58.0.
[I 2024-10-25 04:00:43,922] Trial 215 finished with value: 49.0 and parameters: {'liberty_weight': 0.4143348894433146, 'threat_weight': 7.782934804876916, 'stone_weight': 1.479461861915537, 'center_weight': 0.6605451353049833, 'eye_weight': 2.122642648107276, 'aggression_weight': 1.9346166616152565}. Best is trial 42 with value: 58.0.
[I 2024-10-25 04:02:56,851] Trial 217 finished with value: 40.0 and parameters: {'liberty_weight': 0.39991255912729906, 'threat_weight': 1.4830030126835279, 'stone_weight': 0.0638473471290204, 'center_weight': 0.13635570577904685, 'eye_weight': 4.259184492469349, 'aggression_weight': 2.2989015374799506}. Best is trial 42 with value: 58.0.
[I 2024-10-25 04:03:21,850] Trial 216 finished with value: 58.0 and parameters: {'liberty_weight': 0.541487027528936, 'threat_weight': 2.084748605247497, 'stone_weight': 1.5117372793370465, 'center_weight': 0.6057739706299405, 'eye_weight': 2.144898656493024, 'aggression_weight': 2.327108698466477}. Best is trial 42 with value: 58.0.
[I 2024-10-25 04:06:31,408] Trial 218 finished with value: 57.0 and parameters: {'liberty_weight': 0.3522803298527255, 'threat_weight': 2.3951959873925377, 'stone_weight': 1.4868057270742965, 'center_weight': 0.6610340920782823, 'eye_weight': 1.1439745171345301, 'aggression_weight': 2.4230649538316076}. Best is trial 42 with value: 58.0.
[I 2024-10-25 04:08:56,322] Trial 219 finished with value: 55.0 and parameters: {'liberty_weight': 0.4083649422367171, 'threat_weight': 1.5025139482639576, 'stone_weight': 0.07318768749970528, 'center_weight': 0.6091356369901253, 'eye_weight': 2.0941741322258136, 'aggression_weight': 2.065228073683056}. Best is trial 42 with value: 58.0.
[I 2024-10-25 04:15:21,519] Trial 220 finished with value: 48.0 and parameters: {'liberty_weight': 0.355047126161827, 'threat_weight': 1.1949306955833738, 'stone_weight': 1.253870716749302, 'center_weight': 0.661518711781932, 'eye_weight': 1.141478785753463, 'aggression_weight': 2.5618793094252665}. Best is trial 42 with value: 58.0.
[I 2024-10-25 04:19:29,937] Trial 221 finished with value: 48.0 and parameters: {'liberty_weight': 0.34943823511325395, 'threat_weight': 7.6341827566086184, 'stone_weight': 1.2540574566215146, 'center_weight': 0.13148113573969275, 'eye_weight': 1.1267617959460368, 'aggression_weight': 2.4541353558572707}. Best is trial 42 with value: 58.0.
[I 2024-10-25 04:20:21,587] Trial 223 finished with value: 49.0 and parameters: {'liberty_weight': 0.3649758599389227, 'threat_weight': 7.471051038698922, 'stone_weight': 1.2892173635908928, 'center_weight': 0.14083487870808103, 'eye_weight': 1.1233392181734803, 'aggression_weight': 2.758444148299602}. Best is trial 42 with value: 58.0.
[I 2024-10-25 04:21:11,082] Trial 222 finished with value: 55.0 and parameters: {'liberty_weight': 0.3777915317028574, 'threat_weight': 7.686536987631592, 'stone_weight': 0.035365756595411135, 'center_weight': 0.6850631296223213, 'eye_weight': 1.1647239069671678, 'aggression_weight': 2.486696181243563}. Best is trial 42 with value: 58.0.
[I 2024-10-25 04:21:56,678] Trial 225 finished with value: 53.0 and parameters: {'liberty_weight': 0.48218579623946356, 'threat_weight': 1.652145316997351, 'stone_weight': 1.570018049134271, 'center_weight': 0.14661210588555867, 'eye_weight': 1.105395239215124, 'aggression_weight': 2.5352620717899605}. Best is trial 42 with value: 58.0.
[I 2024-10-25 04:25:34,778] Trial 224 finished with value: 49.0 and parameters: {'liberty_weight': 1.4824192052301943, 'threat_weight': 7.074679937336892, 'stone_weight': 1.2493294908855113, 'center_weight': 0.14359330089876965, 'eye_weight': 0.7116600630717943, 'aggression_weight': 1.5603061655667896}. Best is trial 42 with value: 58.0.
[I 2024-10-25 04:31:00,585] Trial 226 finished with value: 44.0 and parameters: {'liberty_weight': 0.20532074416040091, 'threat_weight': 1.8183185734100105, 'stone_weight': 1.5541822310916484, 'center_weight': 0.6792792026188263, 'eye_weight': 1.0899217235840075, 'aggression_weight': 2.6237540205147507}. Best is trial 42 with value: 58.0.
[I 2024-10-25 04:31:54,460] Trial 227 finished with value: 51.0 and parameters: {'liberty_weight': 0.33397289066930264, 'threat_weight': 9.950895874383914, 'stone_weight': 1.5318467518150016, 'center_weight': 0.677919463308784, 'eye_weight': 1.0865124765045584, 'aggression_weight': 2.496207698543429}. Best is trial 42 with value: 58.0.
[I 2024-10-25 04:35:19,027] Trial 228 finished with value: 47.0 and parameters: {'liberty_weight': 0.4717796489366073, 'threat_weight': 1.8034735527958579, 'stone_weight': 1.55779918164099, 'center_weight': 0.7013421986232198, 'eye_weight': 1.121687010333527, 'aggression_weight': 2.547715668342384}. Best is trial 42 with value: 58.0.
[I 2024-10-25 04:40:56,135] Trial 229 finished with value: 53.0 and parameters: {'liberty_weight': 0.5693500830354464, 'threat_weight': 2.5841680835687857, 'stone_weight': 1.5306220872879372, 'center_weight': 0.28823187342508927, 'eye_weight': 2.2902145989104716, 'aggression_weight': 2.7718728658665293}. Best is trial 42 with value: 58.0.
[I 2024-10-25 04:42:47,566] Trial 230 finished with value: 46.0 and parameters: {'liberty_weight': 0.5621590896633125, 'threat_weight': 2.467704238875604, 'stone_weight': 1.5494940294571684, 'center_weight': 0.2781224846346275, 'eye_weight': 2.2694653875290203, 'aggression_weight': 2.568189364885937}. Best is trial 42 with value: 58.0.
[I 2024-10-25 04:43:52,828] Trial 231 finished with value: 55.0 and parameters: {'liberty_weight': 0.5602609845611872, 'threat_weight': 2.0128258191966992, 'stone_weight': 1.5343223880994714, 'center_weight': 0.5941941472098988, 'eye_weight': 2.2310210048476247, 'aggression_weight': 2.6947619982599718}. Best is trial 42 with value: 58.0.
[I 2024-10-25 04:44:55,777] Trial 232 finished with value: 46.0 and parameters: {'liberty_weight': 0.30806287715020725, 'threat_weight': 2.543999514154063, 'stone_weight': 1.4907415947257796, 'center_weight': 0.4907772488120664, 'eye_weight': 2.2584307856233696, 'aggression_weight': 1.6402509508325682}. Best is trial 42 with value: 58.0.
[I 2024-10-25 04:50:29,437] Trial 233 finished with value: 50.0 and parameters: {'liberty_weight': 0.3054857902422989, 'threat_weight': 2.098215892094365, 'stone_weight': 1.4818238405318942, 'center_weight': 0.7090046065691925, 'eye_weight': 2.280214032617193, 'aggression_weight': 2.3011256065952734}. Best is trial 42 with value: 58.0.
[I 2024-10-25 04:52:32,863] Trial 235 finished with value: 50.0 and parameters: {'liberty_weight': 0.5315764578004214, 'threat_weight': 7.970730825113529, 'stone_weight': 1.6651800402407102, 'center_weight': 0.5982857099365203, 'eye_weight': 2.23360930333616, 'aggression_weight': 1.7531488582256907}. Best is trial 42 with value: 58.0.
[I 2024-10-25 04:53:23,633] Trial 234 finished with value: 56.0 and parameters: {'liberty_weight': 0.5487168304425576, 'threat_weight': 1.8740174065640076, 'stone_weight': 1.5146641350632106, 'center_weight': 0.7093696275547546, 'eye_weight': 1.0036998783850528, 'aggression_weight': 2.2992063927239625}. Best is trial 42 with value: 58.0.
[I 2024-10-25 04:55:07,932] Trial 236 finished with value: 44.0 and parameters: {'liberty_weight': 0.5811144058222675, 'threat_weight': 2.0168004877567713, 'stone_weight': 1.61102562571714, 'center_weight': 0.2789706300282821, 'eye_weight': 2.269350127124059, 'aggression_weight': 1.8413297852033452}. Best is trial 42 with value: 58.0.
[I 2024-10-25 05:01:48,772] Trial 237 finished with value: 54.0 and parameters: {'liberty_weight': 0.5184284728659848, 'threat_weight': 2.4427712004568796, 'stone_weight': 1.6687436982707795, 'center_weight': 0.5962581175011517, 'eye_weight': 1.9176240626371042, 'aggression_weight': 1.7486254009203772}. Best is trial 42 with value: 58.0.
[I 2024-10-25 05:03:28,230] Trial 238 finished with value: 52.0 and parameters: {'liberty_weight': 0.5009964225310988, 'threat_weight': 0.900406783299466, 'stone_weight': 1.6317632182785708, 'center_weight': 0.6060614359991516, 'eye_weight': 1.8903767971216203, 'aggression_weight': 2.2615762365037324}. Best is trial 42 with value: 58.0.
[I 2024-10-25 05:04:41,720] Trial 239 finished with value: 56.0 and parameters: {'liberty_weight': 0.5009111527370764, 'threat_weight': 2.3685463837712093, 'stone_weight': 1.4788866642126333, 'center_weight': 0.6166619989933433, 'eye_weight': 1.892413343347949, 'aggression_weight': 2.1836724331037622}. Best is trial 42 with value: 58.0.
[I 2024-10-25 05:05:46,853] Trial 240 finished with value: 48.0 and parameters: {'liberty_weight': 1.5356389758776237, 'threat_weight': 7.933443260861521, 'stone_weight': 1.6539106665905559, 'center_weight': 0.6290060554303946, 'eye_weight': 1.8935995169739663, 'aggression_weight': 2.2828192548100126}. Best is trial 42 with value: 58.0.
[I 2024-10-25 05:10:58,900] Trial 241 finished with value: 50.0 and parameters: {'liberty_weight': 0.46619518397497794, 'threat_weight': 7.96980609760715, 'stone_weight': 1.346738652913306, 'center_weight': 0.6097953401124308, 'eye_weight': 1.939305172128471, 'aggression_weight': 2.1257671123225994}. Best is trial 42 with value: 58.0.
[I 2024-10-25 05:13:42,735] Trial 242 finished with value: 54.0 and parameters: {'liberty_weight': 0.45574307023119576, 'threat_weight': 8.47664155783573, 'stone_weight': 1.1442919919357377, 'center_weight': 0.6257851809065426, 'eye_weight': 1.9838572184372167, 'aggression_weight': 1.9776604927022579}. Best is trial 42 with value: 58.0.
[I 2024-10-25 05:15:32,676] Trial 243 finished with value: 50.0 and parameters: {'liberty_weight': 0.5216415612989851, 'threat_weight': 2.416592382639089, 'stone_weight': 1.4665462746512243, 'center_weight': 0.6370684147557474, 'eye_weight': 0.8482746207133202, 'aggression_weight': 2.2416408873975002}. Best is trial 42 with value: 58.0.
[I 2024-10-25 05:17:30,176] Trial 244 finished with value: 47.0 and parameters: {'liberty_weight': 0.7062873977204583, 'threat_weight': 2.3862147987758915, 'stone_weight': 1.356193090734339, 'center_weight': 0.6396420655160454, 'eye_weight': 0.8677382270818228, 'aggression_weight': 2.258765685219765}. Best is trial 42 with value: 58.0.
[I 2024-10-25 05:22:53,737] Trial 245 finished with value: 50.0 and parameters: {'liberty_weight': 0.7110582541088266, 'threat_weight': 1.2213337682319625, 'stone_weight': 1.1679760567577255, 'center_weight': 0.6396863747089415, 'eye_weight': 0.834907013042826, 'aggression_weight': 2.2226085017175854}. Best is trial 42 with value: 58.0.
[I 2024-10-25 05:24:06,694] Trial 246 finished with value: 51.0 and parameters: {'liberty_weight': 0.45761243304486043, 'threat_weight': 8.55124289352563, 'stone_weight': 1.3546562207004575, 'center_weight': 0.6303080437784964, 'eye_weight': 0.8346775539937485, 'aggression_weight': 2.066440497063504}. Best is trial 42 with value: 58.0.
[I 2024-10-25 05:27:06,039] Trial 247 finished with value: 45.0 and parameters: {'liberty_weight': 1.5313904974302124, 'threat_weight': 8.533417518822489, 'stone_weight': 2.057519263464022, 'center_weight': 0.6402139013173063, 'eye_weight': 0.8452794910538072, 'aggression_weight': 2.142252166139622}. Best is trial 42 with value: 58.0.
[I 2024-10-25 05:27:56,428] Trial 248 finished with value: 48.0 and parameters: {'liberty_weight': 0.46424398058470984, 'threat_weight': 2.3289384970144122, 'stone_weight': 1.3635771853698482, 'center_weight': 0.6458376013666595, 'eye_weight': 0.8556905066315134, 'aggression_weight': 2.0498838087232625}. Best is trial 42 with value: 58.0.
[I 2024-10-25 05:31:15,519] Trial 249 finished with value: 52.0 and parameters: {'liberty_weight': 1.5831281992800632, 'threat_weight': 8.448447339476123, 'stone_weight': 1.44994751189722, 'center_weight': 0.6585292008552202, 'eye_weight': 1.0069506218467854, 'aggression_weight': 2.098491228273898}. Best is trial 42 with value: 58.0.
[I 2024-10-25 05:33:58,384] Trial 250 finished with value: 44.0 and parameters: {'liberty_weight': 1.5920865292526278, 'threat_weight': 8.22097099003968, 'stone_weight': 1.4671619755083367, 'center_weight': 0.6476482579635363, 'eye_weight': 0.8309179144200517, 'aggression_weight': 2.372230458295294}. Best is trial 42 with value: 58.0.
