[I 2024-10-25 12:00:18,883] Trial 380 finished with value: 52.0 and parameters: {'liberty_weight': 1.396317790286391, 'threat_weight': 7.65080008543482, 'stone_weight': 1.3757866471660967, 'center_weight': 0.4625708648773409, 'eye_weight': 1.1546607050577424, 'aggression_weight': 1.9312449706202717}. Best is trial 280 with value: 60.0.
[I 2024-10-25 12:00:50,862] Trial 381 finished with value: 54.0 and parameters: {'liberty_weight': 0.31726570175465163, 'threat_weight': 5.945970154242192, 'stone_weight': 0.46935628490587994, 'center_weight': 0.5639410386796474, 'eye_weight': 1.1436835964251275, 'aggression_weight': 1.5198658111646308}. Best is trial 280 with value: 60.0.
[I 2024-10-25 12:02:19,319] Trial 383 finished with value: 59.0 and parameters: {'liberty_weight': 0.9536208464539264, 'threat_weight': 8.619740746615086, 'stone_weight': 0.4936442845851739, 'center_weight': 0.08863975551588442, 'eye_weight': 1.2608435510727942, 'aggression_weight': 1.933111410975293}. Best is trial 280 with value: 60.0.
[I 2024-10-25 12:02:50,741] Trial 384 finished with value: 53.0 and parameters: {'liberty_weight': 0.3432838583842289, 'threat_weight': 5.856976367093819, 'stone_weight': 1.4913423542655067, 'center_weight': 0.07957191222144802, 'eye_weight': 1.2717933922269558, 'aggression_weight': 5.514723630167508}. Best is trial 280 with value: 60.0.
[I 2024-10-25 12:04:32,796] Trial 385 finished with value: 48.0 and parameters: {'liberty_weight': 0.965840769345383, 'threat_weight': 3.386979609204959, 'stone_weight': 1.2940850297299704, 'center_weight': 0.9734039645568888, 'eye_weight': 1.0048866102015563, 'aggression_weight': 1.5188427909465967}. Best is trial 280 with value: 60.0.
[I 2024-10-25 12:05:22,008] Trial 382 finished with value: 57.0 and parameters: {'liberty_weight': 0.3796421560783463, 'threat_weight': 5.96946309031441, 'stone_weight': 1.0721514038468722, 'center_weight': 0.5680402016483073, 'eye_weight': 1.159432412558275, 'aggression_weight': 5.3404585790087795}. Best is trial 280 with value: 60.0.
[I 2024-10-25 12:11:35,860] Trial 386 finished with value: 49.0 and parameters: {'liberty_weight': 0.36581056176369114, 'threat_weight': 8.266535142392696, 'stone_weight': 0.5961951713784328, 'center_weight': 0.5698791485970041, 'eye_weight': 0.8585395810468759, 'aggression_weight': 1.527025736900531}. Best is trial 280 with value: 60.0.
[I 2024-10-25 12:19:44,711] Trial 387 finished with value: 50.0 and parameters: {'liberty_weight': 0.32071617689684284, 'threat_weight': 4.5591812439363535, 'stone_weight': 1.305830052302149, 'center_weight': 0.5674122108060301, 'eye_weight': 0.6474729477886628, 'aggression_weight': 6.717332122539268}. Best is trial 280 with value: 60.0.
[I 2024-10-25 12:20:45,483] Trial 389 finished with value: 56.0 and parameters: {'liberty_weight': 1.5638900550071824, 'threat_weight': 4.584660694538136, 'stone_weight': 1.079892300962076, 'center_weight': 0.5724187382716597, 'eye_weight': 0.6526810426747773, 'aggression_weight': 8.92096095805547}. Best is trial 280 with value: 60.0.
[I 2024-10-25 12:20:57,774] Trial 388 finished with value: 45.0 and parameters: {'liberty_weight': 0.3925646017649063, 'threat_weight': 6.274000393165341, 'stone_weight': 1.3017249536141224, 'center_weight': 0.12849562872799697, 'eye_weight': 0.8691331764253546, 'aggression_weight': 7.508800353300262}. Best is trial 280 with value: 60.0.
[I 2024-10-25 12:23:33,125] Trial 391 finished with value: 51.0 and parameters: {'liberty_weight': 0.6909917208792486, 'threat_weight': 3.39644289364273, 'stone_weight': 0.5549564376921517, 'center_weight': 0.09349507064187004, 'eye_weight': 1.4188817485945027, 'aggression_weight': 1.9975587258837888}. Best is trial 280 with value: 60.0.
[I 2024-10-25 12:25:19,011] Trial 393 finished with value: 51.0 and parameters: {'liberty_weight': 0.923169895992902, 'threat_weight': 6.339369011089817, 'stone_weight': 1.0734779814609272, 'center_weight': 0.093299808550816, 'eye_weight': 1.2918095940532108, 'aggression_weight': 5.564683156554212}. Best is trial 280 with value: 60.0.
[I 2024-10-25 12:25:49,039] Trial 390 finished with value: 49.0 and parameters: {'liberty_weight': 0.6560180739164209, 'threat_weight': 8.63287631045976, 'stone_weight': 0.4612482233840902, 'center_weight': 0.08058414130038186, 'eye_weight': 1.4196314643639594, 'aggression_weight': 1.611894891674559}. Best is trial 280 with value: 60.0.
[I 2024-10-25 12:27:29,654] Trial 392 finished with value: 42.0 and parameters: {'liberty_weight': 1.0996635756086341, 'threat_weight': 0.26697583849303896, 'stone_weight': 1.0672836619875763, 'center_weight': 0.056239548901448194, 'eye_weight': 3.2272598188971235, 'aggression_weight': 1.983689698469908}. Best is trial 280 with value: 60.0.
[I 2024-10-25 12:35:14,919] Trial 394 finished with value: 51.0 and parameters: {'liberty_weight': 1.0247088387387966, 'threat_weight': 6.30658094532851, 'stone_weight': 1.0794426698579611, 'center_weight': 0.09366196693796085, 'eye_weight': 1.4535334941556826, 'aggression_weight': 5.611567846407828}. Best is trial 280 with value: 60.0.
[I 2024-10-25 12:40:28,733] Trial 395 finished with value: 45.0 and parameters: {'liberty_weight': 0.7823617435750378, 'threat_weight': 0.06178869832869793, 'stone_weight': 1.0667324097046067, 'center_weight': 0.08544159692043607, 'eye_weight': 1.276117160003484, 'aggression_weight': 5.589284110639438}. Best is trial 280 with value: 60.0.
[I 2024-10-25 12:40:29,929] Trial 397 finished with value: 56.0 and parameters: {'liberty_weight': 0.7915881188769511, 'threat_weight': 6.0290258941445085, 'stone_weight': 1.136140481383351, 'center_weight': 0.12660384247977363, 'eye_weight': 1.3081250975358758, 'aggression_weight': 5.5391358779371735}. Best is trial 280 with value: 60.0.
[I 2024-10-25 12:41:54,093] Trial 398 finished with value: 51.0 and parameters: {'liberty_weight': 1.0635715383088915, 'threat_weight': 0.0642210564849055, 'stone_weight': 1.0617496834133147, 'center_weight': 0.04833086007265384, 'eye_weight': 1.2439115903043674, 'aggression_weight': 5.379061551225161}. Best is trial 280 with value: 60.0.
[I 2024-10-25 12:43:29,528] Trial 396 finished with value: 53.0 and parameters: {'liberty_weight': 0.9504174637740481, 'threat_weight': 8.646708460824053, 'stone_weight': 1.088792673663852, 'center_weight': 0.1257564800610999, 'eye_weight': 1.4124888547211558, 'aggression_weight': 5.262841817871456}. Best is trial 280 with value: 60.0.
[I 2024-10-25 12:45:38,285] Trial 400 finished with value: 50.0 and parameters: {'liberty_weight': 0.9657868741693223, 'threat_weight': 6.10680979511457, 'stone_weight': 1.132813758000863, 'center_weight': 0.1202757922265827, 'eye_weight': 1.2688901298407664, 'aggression_weight': 5.238277573260756}. Best is trial 280 with value: 60.0.
[I 2024-10-25 12:46:45,513] Trial 399 finished with value: 49.0 and parameters: {'liberty_weight': 1.5228738690725023, 'threat_weight': 8.728928036170988, 'stone_weight': 1.144017888703628, 'center_weight': 0.044527008153378005, 'eye_weight': 3.808367950140333, 'aggression_weight': 5.242374422482768}. Best is trial 280 with value: 60.0.
[I 2024-10-25 12:51:03,551] Trial 401 finished with value: 49.0 and parameters: {'liberty_weight': 0.9582305505590812, 'threat_weight': 8.713955788234346, 'stone_weight': 0.164120020933328, 'center_weight': 0.11928673699375442, 'eye_weight': 1.3332352779994956, 'aggression_weight': 5.241381977760622}. Best is trial 280 with value: 60.0.
[I 2024-10-25 12:59:02,869] Trial 402 finished with value: 48.0 and parameters: {'liberty_weight': 1.1484225756805428, 'threat_weight': 8.668432572243976, 'stone_weight': 1.1521154090791903, 'center_weight': 0.12485049515398214, 'eye_weight': 1.275899117168717, 'aggression_weight': 5.2837436768123895}. Best is trial 280 with value: 60.0.
[I 2024-10-25 13:03:11,663] Trial 404 finished with value: 56.0 and parameters: {'liberty_weight': 0.7277634278628639, 'threat_weight': 8.724238380130322, 'stone_weight': 0.1447842906988519, 'center_weight': 0.5420534810314392, 'eye_weight': 1.2321127975329853, 'aggression_weight': 5.235701643790662}. Best is trial 280 with value: 60.0.
[I 2024-10-25 13:04:13,977] Trial 405 finished with value: 57.0 and parameters: {'liberty_weight': 0.962220879238733, 'threat_weight': 6.616549277890859, 'stone_weight': 1.167527079544997, 'center_weight': 0.5421295300506694, 'eye_weight': 1.0808102089570368, 'aggression_weight': 5.200441963254137}. Best is trial 280 with value: 60.0.
[I 2024-10-25 13:04:22,156] Trial 403 finished with value: 53.0 and parameters: {'liberty_weight': 1.5229773856375168, 'threat_weight': 8.66133669149556, 'stone_weight': 1.1307284403634283, 'center_weight': 0.12427762800131428, 'eye_weight': 1.1208604705025207, 'aggression_weight': 5.1542360533888845}. Best is trial 280 with value: 60.0.
[I 2024-10-25 13:04:45,834] Trial 406 finished with value: 50.0 and parameters: {'liberty_weight': 1.5223849909626455, 'threat_weight': 8.871243639746206, 'stone_weight': 0.17731931603282503, 'center_weight': 0.5391301728299007, 'eye_weight': 2.1637011918819713, 'aggression_weight': 6.502985367659308}. Best is trial 280 with value: 60.0.
[I 2024-10-25 13:09:43,071] Trial 407 finished with value: 47.0 and parameters: {'liberty_weight': 0.7258218685096709, 'threat_weight': 8.889120240757757, 'stone_weight': 1.1513542472472191, 'center_weight': 0.5370786982441063, 'eye_weight': 1.094108328543988, 'aggression_weight': 6.906653201639668}. Best is trial 280 with value: 60.0.
[I 2024-10-25 13:10:25,339] Trial 408 finished with value: 48.0 and parameters: {'liberty_weight': 1.1647058009424784, 'threat_weight': 8.942742701705715, 'stone_weight': 0.8942725447579609, 'center_weight': 0.5471727950876394, 'eye_weight': 2.1481988219269055, 'aggression_weight': 5.902183120062159}. Best is trial 280 with value: 60.0.
[I 2024-10-25 13:14:21,722] Trial 409 finished with value: 49.0 and parameters: {'liberty_weight': 1.1568084853786869, 'threat_weight': 6.549403344816344, 'stone_weight': 0.8927146100372313, 'center_weight': 0.8642779400347294, 'eye_weight': 1.1129954772682331, 'aggression_weight': 7.75231128058377}. Best is trial 280 with value: 60.0.
[I 2024-10-25 13:21:52,855] Trial 410 finished with value: 52.0 and parameters: {'liberty_weight': 1.5193395220110504, 'threat_weight': 8.958183611524795, 'stone_weight': 2.8594282518076213, 'center_weight': 0.5461322739777573, 'eye_weight': 1.1238041139730557, 'aggression_weight': 6.575677648186486}. Best is trial 280 with value: 60.0.
[I 2024-10-25 13:27:58,422] Trial 412 finished with value: 52.0 and parameters: {'liberty_weight': 0.8966637085211923, 'threat_weight': 6.881558465554879, 'stone_weight': 1.2479045533965611, 'center_weight': 0.5516619699120677, 'eye_weight': 2.16249932743316, 'aggression_weight': 7.817509767186467}. Best is trial 280 with value: 60.0.
[I 2024-10-25 13:28:30,309] Trial 411 finished with value: 52.0 and parameters: {'liberty_weight': 1.5252134945300464, 'threat_weight': 6.635492503593317, 'stone_weight': 0.9402410645749841, 'center_weight': 0.8608236059487455, 'eye_weight': 2.1835453468436765, 'aggression_weight': 6.49770882785238}. Best is trial 280 with value: 60.0.
[I 2024-10-25 13:29:47,822] Trial 413 finished with value: 49.0 and parameters: {'liberty_weight': 1.5492733315944898, 'threat_weight': 8.93906069710292, 'stone_weight': 1.2492342784672084, 'center_weight': 0.5544879617779985, 'eye_weight': 2.204993902761445, 'aggression_weight': 7.698427287692327}. Best is trial 280 with value: 60.0.
[I 2024-10-25 13:33:31,386] Trial 414 finished with value: 48.0 and parameters: {'liberty_weight': 1.80954076004811, 'threat_weight': 9.04380883032763, 'stone_weight': 1.2248699146565514, 'center_weight': 0.47627993198604907, 'eye_weight': 1.0872199398459457, 'aggression_weight': 6.804023119669178}. Best is trial 280 with value: 60.0.
[I 2024-10-25 13:36:48,375] Trial 415 finished with value: 49.0 and parameters: {'liberty_weight': 0.8841195839474052, 'threat_weight': 6.418209298526195, 'stone_weight': 1.2522772279070495, 'center_weight': 0.508314396371546, 'eye_weight': 2.267385401748423, 'aggression_weight': 7.6561817307869235}. Best is trial 280 with value: 60.0.
[I 2024-10-25 13:40:56,253] Trial 416 finished with value: 47.0 and parameters: {'liberty_weight': 1.0366922563310472, 'threat_weight': 5.2024022595703565, 'stone_weight': 1.2620026302917298, 'center_weight': 0.42266284026601086, 'eye_weight': 2.2768577023713314, 'aggression_weight': 7.739363643814871}. Best is trial 280 with value: 60.0.
[I 2024-10-25 13:46:19,678] Trial 417 finished with value: 50.0 and parameters: {'liberty_weight': 0.8755047746999557, 'threat_weight': 6.6245215111942946, 'stone_weight': 1.2551962786477204, 'center_weight': 0.49550965020954585, 'eye_weight': 0.9695998452995834, 'aggression_weight': 6.733786172202869}. Best is trial 280 with value: 60.0.
[I 2024-10-25 13:50:08,205] Trial 418 finished with value: 49.0 and parameters: {'liberty_weight': 1.5492873375722809, 'threat_weight': 6.530710621102903, 'stone_weight': 1.252144950562579, 'center_weight': 0.4803440596259764, 'eye_weight': 0.9881429053502921, 'aggression_weight': 6.7944369611710975}. Best is trial 280 with value: 60.0.
[I 2024-10-25 13:54:55,437] Trial 420 finished with value: 49.0 and parameters: {'liberty_weight': 0.8751728380635492, 'threat_weight': 6.668368275140952, 'stone_weight': 1.634311040564688, 'center_weight': 0.18335025668462687, 'eye_weight': 2.313435505445022, 'aggression_weight': 6.247808640391966}. Best is trial 280 with value: 60.0.
[I 2024-10-25 13:58:53,613] Trial 419 finished with value: 51.0 and parameters: {'liberty_weight': 1.0292507442070296, 'threat_weight': 6.720346708402351, 'stone_weight': 1.6729157051470498, 'center_weight': 0.18959873117675266, 'eye_weight': 2.3093809583159235, 'aggression_weight': 6.197775048822707}. Best is trial 280 with value: 60.0.
[I 2024-10-25 13:59:25,093] Trial 421 finished with value: 53.0 and parameters: {'liberty_weight': 0.9953309342580331, 'threat_weight': 5.279188597846643, 'stone_weight': 1.4703936711874892, 'center_weight': 0.4309226328765547, 'eye_weight': 2.4592254366930386, 'aggression_weight': 8.443216458289243}. Best is trial 280 with value: 60.0.
[I 2024-10-25 14:00:29,284] Trial 422 finished with value: 59.0 and parameters: {'liberty_weight': 1.040169259133107, 'threat_weight': 7.238521750265438, 'stone_weight': 1.6805854927991342, 'center_weight': 0.9420971590651982, 'eye_weight': 2.4487634002687795, 'aggression_weight': 8.452526410268375}. Best is trial 280 with value: 60.0.
[I 2024-10-25 14:08:26,412] Trial 423 finished with value: 50.0 and parameters: {'liberty_weight': 0.8288868128628163, 'threat_weight': 6.603836649431429, 'stone_weight': 1.513464900990408, 'center_weight': 0.18051459817097287, 'eye_weight': 1.7681067275010571, 'aggression_weight': 8.348571762480423}. Best is trial 280 with value: 60.0.
[I 2024-10-25 14:11:18,643] Trial 424 finished with value: 50.0 and parameters: {'liberty_weight': 1.5754815163342122, 'threat_weight': 7.034817663012207, 'stone_weight': 1.5007972742034386, 'center_weight': 0.4904756700400679, 'eye_weight': 0.9385703876456222, 'aggression_weight': 6.2248155019603235}. Best is trial 280 with value: 60.0.
[I 2024-10-25 14:18:22,425] Trial 425 finished with value: 54.0 and parameters: {'liberty_weight': 1.453799225827833, 'threat_weight': 9.256507762425294, 'stone_weight': 1.5010890691104783, 'center_weight': 0.9364102273128287, 'eye_weight': 1.9877600894323484, 'aggression_weight': 8.37730015632068}. Best is trial 280 with value: 60.0.
[I 2024-10-25 14:20:37,752] Trial 426 finished with value: 51.0 and parameters: {'liberty_weight': 1.4348034574240924, 'threat_weight': 7.076498418077143, 'stone_weight': 1.6681714540082007, 'center_weight': 0.5784590164552955, 'eye_weight': 2.4602627218207735, 'aggression_weight': 4.80714083273549}. Best is trial 280 with value: 60.0.
[I 2024-10-25 14:27:36,362] Trial 427 finished with value: 55.0 and parameters: {'liberty_weight': 1.019544480362639, 'threat_weight': 5.823732943633851, 'stone_weight': 1.4504993946201867, 'center_weight': 0.9400465226058075, 'eye_weight': 1.0272336885623923, 'aggression_weight': 4.7975701222870635}. Best is trial 280 with value: 60.0.
[I 2024-10-25 14:30:30,712] Trial 429 finished with value: 49.0 and parameters: {'liberty_weight': 1.461253535819297, 'threat_weight': 7.176301564615988, 'stone_weight': 1.444691813146201, 'center_weight': 0.9408502055310854, 'eye_weight': 1.8014350314739838, 'aggression_weight': 4.821932507985395}. Best is trial 280 with value: 60.0.
[I 2024-10-25 14:31:23,622] Trial 428 finished with value: 47.0 and parameters: {'liberty_weight': 1.450434448718087, 'threat_weight': 9.260657076309128, 'stone_weight': 1.4566046285783145, 'center_weight': 0.9388379222867047, 'eye_weight': 1.9614342824185085, 'aggression_weight': 1.9298406568387898}. Best is trial 280 with value: 60.0.
[I 2024-10-25 14:33:19,705] Trial 430 finished with value: 52.0 and parameters: {'liberty_weight': 1.0068741272502308, 'threat_weight': 7.029305010438475, 'stone_weight': 1.7089075773851896, 'center_weight': 0.9350740137706747, 'eye_weight': 2.447641115603864, 'aggression_weight': 9.10815930666199}. Best is trial 280 with value: 60.0.
[I 2024-10-25 14:38:39,216] Trial 431 finished with value: 53.0 and parameters: {'liberty_weight': 1.0184043215796532, 'threat_weight': 9.229989854829295, 'stone_weight': 1.6822805508456955, 'center_weight': 0.9384536395840356, 'eye_weight': 2.8035320294718447, 'aggression_weight': 8.613867677487308}. Best is trial 280 with value: 60.0.
[I 2024-10-25 14:40:19,397] Trial 432 finished with value: 50.0 and parameters: {'liberty_weight': 1.0841467272487837, 'threat_weight': 7.174727897640054, 'stone_weight': 1.5890891435600925, 'center_weight': 0.9424540509699817, 'eye_weight': 2.670037465256544, 'aggression_weight': 8.790880222148807}. Best is trial 280 with value: 60.0.
[I 2024-10-25 14:46:31,435] Trial 433 finished with value: 48.0 and parameters: {'liberty_weight': 0.9913068443149627, 'threat_weight': 7.315676555748399, 'stone_weight': 1.7108209413660158, 'center_weight': 0.5956676048689339, 'eye_weight': 2.5351207369565705, 'aggression_weight': 8.80530456235942}. Best is trial 280 with value: 60.0.
[I 2024-10-25 14:51:10,131] Trial 434 finished with value: 50.0 and parameters: {'liberty_weight': 1.0523963454706708, 'threat_weight': 7.290539702072952, 'stone_weight': 1.601453880858452, 'center_weight': 0.5945531332558329, 'eye_weight': 2.716998216861327, 'aggression_weight': 8.599134778834397}. Best is trial 280 with value: 60.0.
[I 2024-10-25 14:54:12,801] Trial 435 finished with value: 51.0 and parameters: {'liberty_weight': 1.0873400315554538, 'threat_weight': 7.440071380246489, 'stone_weight': 1.7136602558697085, 'center_weight': 0.592809109607884, 'eye_weight': 1.1938533275168606, 'aggression_weight': 8.797253247546783}. Best is trial 280 with value: 60.0.
[I 2024-10-25 14:57:13,512] Trial 436 finished with value: 50.0 and parameters: {'liberty_weight': 1.001425694478007, 'threat_weight': 7.349682491754599, 'stone_weight': 1.62018409196366, 'center_weight': 0.5888086807155832, 'eye_weight': 1.1739858040709004, 'aggression_weight': 8.846872129065968}. Best is trial 280 with value: 60.0.
[I 2024-10-25 14:59:01,144] Trial 437 finished with value: 52.0 and parameters: {'liberty_weight': 1.0977469112838714, 'threat_weight': 7.35410473067337, 'stone_weight': 1.6269757479240736, 'center_weight': 0.5984376387501525, 'eye_weight': 1.174453937967755, 'aggression_weight': 8.119374267348173}. Best is trial 280 with value: 60.0.
[I 2024-10-25 14:59:04,570] Trial 438 finished with value: 47.0 and parameters: {'liberty_weight': 0.9536280433884345, 'threat_weight': 6.830161199491215, 'stone_weight': 1.5922195103152237, 'center_weight': 0.5276643425145481, 'eye_weight': 0.8476339673436712, 'aggression_weight': 8.750762662942705}. Best is trial 280 with value: 60.0.
[I 2024-10-25 15:05:04,871] Trial 440 finished with value: 47.0 and parameters: {'liberty_weight': 0.9448508606949444, 'threat_weight': 7.24666757186595, 'stone_weight': 1.7842915885732349, 'center_weight': 0.5995329325385773, 'eye_weight': 0.8428204917441934, 'aggression_weight': 8.71072411987704}. Best is trial 280 with value: 60.0.
[I 2024-10-25 15:07:29,586] Trial 439 finished with value: 50.0 and parameters: {'liberty_weight': 0.4446305431334785, 'threat_weight': 7.415354047245992, 'stone_weight': 1.6161126599374473, 'center_weight': 0.5836602743600215, 'eye_weight': 0.8353034316479879, 'aggression_weight': 8.128259620347567}. Best is trial 280 with value: 60.0.
[I 2024-10-25 15:13:06,682] Trial 441 finished with value: 50.0 and parameters: {'liberty_weight': 0.4347880714064116, 'threat_weight': 7.3227435430594445, 'stone_weight': 1.8092827241010572, 'center_weight': 0.7838925944545541, 'eye_weight': 0.841325127529291, 'aggression_weight': 8.070515757661365}. Best is trial 280 with value: 60.0.
[I 2024-10-25 15:16:17,149] Trial 442 finished with value: 39.0 and parameters: {'liberty_weight': 0.3776748112156985, 'threat_weight': 0.6151281857169284, 'stone_weight': 1.316487495028029, 'center_weight': 0.804656352308597, 'eye_weight': 0.8549761290843451, 'aggression_weight': 8.1476975660539}. Best is trial 280 with value: 60.0.
[I 2024-10-25 15:20:43,954] Trial 444 finished with value: 43.0 and parameters: {'liberty_weight': 1.2449386378998084, 'threat_weight': 0.7677711156713123, 'stone_weight': 1.7932871828650263, 'center_weight': 0.2609825689909279, 'eye_weight': 0.9960898964552793, 'aggression_weight': 2.1566407022592813}. Best is trial 280 with value: 60.0.
