[I 2024-10-25 05:39:18,030] Trial 252 finished with value: 48.0 and parameters: {'liberty_weight': 1.5866498518358336, 'threat_weight': 1.9776505526555779, 'stone_weight': 1.4668614639923603, 'center_weight': 0.11275193512478615, 'eye_weight': 0.7148742832029997, 'aggression_weight': 2.9060373298863746}. Best is trial 42 with value: 58.0.
[I 2024-10-25 05:41:16,286] Trial 251 finished with value: 55.0 and parameters: {'liberty_weight': 1.4934104503870382, 'threat_weight': 6.70590410362347, 'stone_weight': 1.4608029802534042, 'center_weight': 0.6530496770320876, 'eye_weight': 0.9962320300424595, 'aggression_weight': 3.174075143803989}. Best is trial 42 with value: 58.0.
[I 2024-10-25 05:43:35,218] Trial 253 finished with value: 49.0 and parameters: {'liberty_weight': 1.373929698438123, 'threat_weight': 1.9176223187121288, 'stone_weight': 1.4350430640354226, 'center_weight': 0.6641887910790185, 'eye_weight': 1.0054611738586121, 'aggression_weight': 6.417221254389951}. Best is trial 42 with value: 58.0.
[I 2024-10-25 05:44:02,396] Trial 254 finished with value: 54.0 and parameters: {'liberty_weight': 1.3639580140254632, 'threat_weight': 8.187066373331271, 'stone_weight': 1.4451741759619086, 'center_weight': 0.6679883725871186, 'eye_weight': 0.9996789307706544, 'aggression_weight': 6.463692708168039}. Best is trial 42 with value: 58.0.
[I 2024-10-25 05:45:49,567] Trial 255 finished with value: 53.0 and parameters: {'liberty_weight': 1.5766015717253188, 'threat_weight': 8.216424162194912, 'stone_weight': 1.4305096208915633, 'center_weight': 0.5724841122346094, 'eye_weight': 0.9736510247366744, 'aggression_weight': 6.447496508843855}. Best is trial 42 with value: 58.0.
[I 2024-10-25 05:47:18,206] Trial 256 finished with value: 50.0 and parameters: {'liberty_weight': 1.5855108675599128, 'threat_weight': 1.98095862430438, 'stone_weight': 1.447491160855482, 'center_weight': 0.665398505457697, 'eye_weight': 0.9737065967519827, 'aggression_weight': 3.1299185047796283}. Best is trial 42 with value: 58.0.
[I 2024-10-25 05:53:07,447] Trial 257 finished with value: 56.0 and parameters: {'liberty_weight': 1.437326998571151, 'threat_weight': 8.962480210830584, 'stone_weight': 1.4494318535751376, 'center_weight': 0.996324602774192, 'eye_weight': 0.6965947207385269, 'aggression_weight': 3.0932086496783127}. Best is trial 42 with value: 58.0.
[I 2024-10-25 05:54:28,308] Trial 258 finished with value: 48.0 and parameters: {'liberty_weight': 0.6030491846024639, 'threat_weight': 1.81702902119245, 'stone_weight': 1.2880258979423096, 'center_weight': 0.11223034268190413, 'eye_weight': 0.9924833242299874, 'aggression_weight': 2.9715837009168733}. Best is trial 42 with value: 58.0.
[I 2024-10-25 06:00:01,825] Trial 259 finished with value: 49.0 and parameters: {'liberty_weight': 1.3705394400784885, 'threat_weight': 6.7933308572254285, 'stone_weight': 1.2817295200324503, 'center_weight': 0.6707932598897411, 'eye_weight': 0.9915574026792109, 'aggression_weight': 1.324003018072704}. Best is trial 42 with value: 58.0.
[I 2024-10-25 06:02:11,442] Trial 260 finished with value: 48.0 and parameters: {'liberty_weight': 1.4238445486319105, 'threat_weight': 7.3485026465633885, 'stone_weight': 1.2971588457631025, 'center_weight': 0.1710902024737861, 'eye_weight': 0.9927643698948789, 'aggression_weight': 1.3352220700606803}. Best is trial 42 with value: 58.0.
[I 2024-10-25 06:03:13,287] Trial 262 finished with value: 49.0 and parameters: {'liberty_weight': 0.5982743767245903, 'threat_weight': 6.4322846252991, 'stone_weight': 1.3161218339685292, 'center_weight': 0.5710509253901, 'eye_weight': 1.2285263402270878, 'aggression_weight': 6.906569039813781}. Best is trial 42 with value: 58.0.
[I 2024-10-25 06:06:06,664] Trial 261 finished with value: 48.0 and parameters: {'liberty_weight': 0.4963441030083195, 'threat_weight': 9.744565652799261, 'stone_weight': 1.730270963497608, 'center_weight': 0.10674747477518197, 'eye_weight': 1.21547540119791, 'aggression_weight': 5.367256444310975}. Best is trial 42 with value: 58.0.
[I 2024-10-25 06:07:53,403] Trial 263 finished with value: 47.0 and parameters: {'liberty_weight': 1.458964572309648, 'threat_weight': 9.033754725349107, 'stone_weight': 1.293366360752612, 'center_weight': 0.9253894666108745, 'eye_weight': 1.2358707385150183, 'aggression_weight': 1.3750036433177613}. Best is trial 42 with value: 58.0.
[I 2024-10-25 06:08:56,092] Trial 264 finished with value: 47.0 and parameters: {'liberty_weight': 1.4482113372509995, 'threat_weight': 2.73422328127856, 'stone_weight': 1.2207874276268385, 'center_weight': 0.17229998345806863, 'eye_weight': 1.2163654896821792, 'aggression_weight': 6.664584334779867}. Best is trial 42 with value: 58.0.
[I 2024-10-25 06:13:52,630] Trial 265 finished with value: 51.0 and parameters: {'liberty_weight': 1.426412266579275, 'threat_weight': 9.71329789030374, 'stone_weight': 1.2936432324687346, 'center_weight': 0.9681258608790139, 'eye_weight': 0.5641354658518976, 'aggression_weight': 2.8716990716876643}. Best is trial 42 with value: 58.0.
[I 2024-10-25 06:14:03,571] Trial 266 finished with value: 55.0 and parameters: {'liberty_weight': 1.4493274762750552, 'threat_weight': 6.4190757082314445, 'stone_weight': 1.2217206570201373, 'center_weight': 0.9841966332885561, 'eye_weight': 0.5619512439920619, 'aggression_weight': 5.463918698600937}. Best is trial 42 with value: 58.0.
[I 2024-10-25 06:22:10,599] Trial 267 finished with value: 47.0 and parameters: {'liberty_weight': 1.425095305165874, 'threat_weight': 9.18743186807461, 'stone_weight': 2.7631274035661213, 'center_weight': 0.5462822685403452, 'eye_weight': 0.7260591302987207, 'aggression_weight': 4.1465256228990555}. Best is trial 42 with value: 58.0.
[I 2024-10-25 06:22:54,155] Trial 268 finished with value: 49.0 and parameters: {'liberty_weight': 1.462410717020008, 'threat_weight': 8.985949465830464, 'stone_weight': 1.7516511147568616, 'center_weight': 0.9949525831829613, 'eye_weight': 2.0383155933100063, 'aggression_weight': 5.467937565583318}. Best is trial 42 with value: 58.0.
[I 2024-10-25 06:23:10,103] Trial 269 finished with value: 45.0 and parameters: {'liberty_weight': 1.4710558436501073, 'threat_weight': 8.897987114299518, 'stone_weight': 1.7339326108619368, 'center_weight': 0.5491816190107093, 'eye_weight': 0.6801723301459749, 'aggression_weight': 6.672834584147523}. Best is trial 42 with value: 58.0.
[I 2024-10-25 06:27:24,102] Trial 270 finished with value: 53.0 and parameters: {'liberty_weight': 1.4771571629307485, 'threat_weight': 9.03212386190622, 'stone_weight': 1.5898568754251896, 'center_weight': 0.9969380616554958, 'eye_weight': 0.7317610152337608, 'aggression_weight': 4.209010895694941}. Best is trial 42 with value: 58.0.
[I 2024-10-25 06:30:15,681] Trial 272 finished with value: 52.0 and parameters: {'liberty_weight': 0.7720182283100958, 'threat_weight': 9.000142154780738, 'stone_weight': 1.6201832470033104, 'center_weight': 0.5364541156327123, 'eye_weight': 0.688278746026968, 'aggression_weight': 5.615796240681776}. Best is trial 42 with value: 58.0.
[I 2024-10-25 06:30:22,506] Trial 271 finished with value: 47.0 and parameters: {'liberty_weight': 1.5030461423513197, 'threat_weight': 9.234291508942082, 'stone_weight': 1.205517591543511, 'center_weight': 0.9908202723108476, 'eye_weight': 0.6879128798925676, 'aggression_weight': 3.9542523630135538}. Best is trial 42 with value: 58.0.
[I 2024-10-25 06:34:31,739] Trial 273 finished with value: 55.0 and parameters: {'liberty_weight': 1.321992398614213, 'threat_weight': 9.189543718594717, 'stone_weight': 1.2137023045549975, 'center_weight': 0.5337246485325338, 'eye_weight': 0.7053656971629694, 'aggression_weight': 5.4736611318811335}. Best is trial 42 with value: 58.0.
[I 2024-10-25 06:35:36,383] Trial 274 finished with value: 46.0 and parameters: {'liberty_weight': 1.4942108059967307, 'threat_weight': 8.665158018633198, 'stone_weight': 1.5106887467072287, 'center_weight': 0.6190902407162993, 'eye_weight': 0.6833295726167913, 'aggression_weight': 5.632158018949615}. Best is trial 42 with value: 58.0.
[I 2024-10-25 06:42:58,264] Trial 276 finished with value: 47.0 and parameters: {'liberty_weight': 1.675037547490826, 'threat_weight': 7.54385929176954, 'stone_weight': 1.5003822743050952, 'center_weight': 0.6147470655466389, 'eye_weight': 0.6806462843776153, 'aggression_weight': 4.988892704853139}. Best is trial 42 with value: 58.0.
[I 2024-10-25 06:45:55,933] Trial 275 finished with value: 53.0 and parameters: {'liberty_weight': 0.7611564590249266, 'threat_weight': 8.716356598982038, 'stone_weight': 1.9873283268087807, 'center_weight': 0.5928524995010759, 'eye_weight': 2.0181196257956575, 'aggression_weight': 4.999993262715831}. Best is trial 42 with value: 58.0.
[I 2024-10-25 06:46:14,105] Trial 277 finished with value: 53.0 and parameters: {'liberty_weight': 1.5104928000977704, 'threat_weight': 7.510658338171897, 'stone_weight': 1.5862502364517608, 'center_weight': 0.9613137522647761, 'eye_weight': 2.1606775569262577, 'aggression_weight': 5.731076178887384}. Best is trial 42 with value: 58.0.
[I 2024-10-25 06:48:01,119] Trial 278 finished with value: 49.0 and parameters: {'liberty_weight': 1.6955880406364057, 'threat_weight': 8.660859280183267, 'stone_weight': 1.5069578801416856, 'center_weight': 0.6180899655824841, 'eye_weight': 2.1550027243760566, 'aggression_weight': 4.717304382599488}. Best is trial 42 with value: 58.0.
[I 2024-10-25 06:50:00,995] Trial 279 finished with value: 55.0 and parameters: {'liberty_weight': 1.2124901876396639, 'threat_weight': 7.489907931386452, 'stone_weight': 1.976246255901955, 'center_weight': 0.891580135918555, 'eye_weight': 0.7693936524828967, 'aggression_weight': 4.975473538057466}. Best is trial 42 with value: 58.0.
[I 2024-10-25 06:52:55,809] Trial 280 finished with value: 60.0 and parameters: {'liberty_weight': 1.5430751825633469, 'threat_weight': 8.689785904776109, 'stone_weight': 0.9301546426779213, 'center_weight': 0.587225600722869, 'eye_weight': 1.3351725240462708, 'aggression_weight': 7.085196632622221}. Best is trial 280 with value: 60.0.
[I 2024-10-25 06:55:57,794] Trial 281 finished with value: 47.0 and parameters: {'liberty_weight': 1.2298807959821578, 'threat_weight': 8.683103160862537, 'stone_weight': 1.492421681039491, 'center_weight': 0.6132580713318155, 'eye_weight': 2.1631373583895894, 'aggression_weight': 5.0155360506856725}. Best is trial 280 with value: 60.0.
[I 2024-10-25 06:56:55,801] Trial 282 finished with value: 43.0 and parameters: {'liberty_weight': 1.1864783120834796, 'threat_weight': 7.621195512729618, 'stone_weight': 1.513689465917068, 'center_weight': 0.8939456700507644, 'eye_weight': 2.1208684525498485, 'aggression_weight': 4.592872752421106}. Best is trial 280 with value: 60.0.
[I 2024-10-25 07:03:35,386] Trial 283 finished with value: 57.0 and parameters: {'liberty_weight': 1.5261748775455168, 'threat_weight': 8.731163106268475, 'stone_weight': 1.3758294042870238, 'center_weight': 0.8933211345362367, 'eye_weight': 2.167371547747818, 'aggression_weight': 8.11951931524566}. Best is trial 280 with value: 60.0.
[I 2024-10-25 07:07:05,027] Trial 285 finished with value: 55.0 and parameters: {'liberty_weight': 1.642772325542791, 'threat_weight': 7.977348589988657, 'stone_weight': 1.3808641679419462, 'center_weight': 0.9047160398539043, 'eye_weight': 1.422214733305756, 'aggression_weight': 7.077528409968044}. Best is trial 280 with value: 60.0.
[I 2024-10-25 07:08:24,903] Trial 284 finished with value: 48.0 and parameters: {'liberty_weight': 0.5494053560989623, 'threat_weight': 7.034467487889682, 'stone_weight': 1.3813835725666437, 'center_weight': 0.8891166342224343, 'eye_weight': 2.1356663855586375, 'aggression_weight': 6.359610625223337}. Best is trial 280 with value: 60.0.
[I 2024-10-25 07:10:02,198] Trial 286 finished with value: 50.0 and parameters: {'liberty_weight': 1.6311631647377027, 'threat_weight': 7.20559795291035, 'stone_weight': 1.1483925844486824, 'center_weight': 0.5036438739981905, 'eye_weight': 1.7027070210145896, 'aggression_weight': 2.704846729971848}. Best is trial 280 with value: 60.0.
[I 2024-10-25 07:11:25,933] Trial 287 finished with value: 48.0 and parameters: {'liberty_weight': 1.6306031884550454, 'threat_weight': 6.981320477296818, 'stone_weight': 1.1410132943965126, 'center_weight': 0.6954312534713482, 'eye_weight': 0.5457141609156461, 'aggression_weight': 7.011353461644799}. Best is trial 280 with value: 60.0.
[I 2024-10-25 07:13:33,795] Trial 288 finished with value: 47.0 and parameters: {'liberty_weight': 1.54535738600894, 'threat_weight': 8.320665788153047, 'stone_weight': 1.0915310224102164, 'center_weight': 0.5772463049069922, 'eye_weight': 1.2930201464680406, 'aggression_weight': 8.010760355498725}. Best is trial 280 with value: 60.0.
[I 2024-10-25 07:15:56,582] Trial 290 finished with value: 58.0 and parameters: {'liberty_weight': 1.6446342316853622, 'threat_weight': 8.276744568149349, 'stone_weight': 1.1334832125389367, 'center_weight': 0.21255157385757076, 'eye_weight': 1.3767685554418057, 'aggression_weight': 7.548412149197346}. Best is trial 280 with value: 60.0.
[I 2024-10-25 07:16:27,907] Trial 289 finished with value: 49.0 and parameters: {'liberty_weight': 1.6286177388431542, 'threat_weight': 7.085973083652041, 'stone_weight': 0.6503936613765872, 'center_weight': 0.5800743428475326, 'eye_weight': 1.342711973716984, 'aggression_weight': 7.466958162206161}. Best is trial 280 with value: 60.0.
[I 2024-10-25 07:25:12,723] Trial 291 finished with value: 47.0 and parameters: {'liberty_weight': 1.539914442506835, 'threat_weight': 8.338016988296447, 'stone_weight': 1.1268850107392385, 'center_weight': 0.9308814374112847, 'eye_weight': 1.4542381532571762, 'aggression_weight': 8.376651504817037}. Best is trial 280 with value: 60.0.
[I 2024-10-25 07:26:41,314] Trial 292 finished with value: 51.0 and parameters: {'liberty_weight': 1.5587050238114875, 'threat_weight': 8.368662618081132, 'stone_weight': 0.9105976094315512, 'center_weight': 0.7609041106500479, 'eye_weight': 2.3358911368197908, 'aggression_weight': 9.018515163057794}. Best is trial 280 with value: 60.0.
[I 2024-10-25 07:29:29,797] Trial 294 finished with value: 54.0 and parameters: {'liberty_weight': 1.5479667466431555, 'threat_weight': 8.468768713870327, 'stone_weight': 0.9487872118463846, 'center_weight': 0.931563320425565, 'eye_weight': 1.3317894095009906, 'aggression_weight': 8.948783889184158}. Best is trial 280 with value: 60.0.
[I 2024-10-25 07:31:19,105] Trial 293 finished with value: 51.0 and parameters: {'liberty_weight': 1.5267237932304707, 'threat_weight': 8.352462229360654, 'stone_weight': 0.9154930024206157, 'center_weight': 0.9223736927711278, 'eye_weight': 1.3050381251047634, 'aggression_weight': 7.888792235065114}. Best is trial 280 with value: 60.0.
[I 2024-10-25 07:33:57,746] Trial 295 finished with value: 50.0 and parameters: {'liberty_weight': 1.546342062272473, 'threat_weight': 8.262907610461893, 'stone_weight': 1.0541838898679967, 'center_weight': 0.9293588895989761, 'eye_weight': 2.3694267975575185, 'aggression_weight': 7.454947071926524}. Best is trial 280 with value: 60.0.
[I 2024-10-25 07:36:52,876] Trial 298 finished with value: 47.0 and parameters: {'liberty_weight': 1.5473719843388722, 'threat_weight': 8.28706620532821, 'stone_weight': 0.940244170383981, 'center_weight': 0.9262011534607026, 'eye_weight': 1.4612770707145717, 'aggression_weight': 7.736585733907269}. Best is trial 280 with value: 60.0.
[I 2024-10-25 07:37:44,156] Trial 296 finished with value: 49.0 and parameters: {'liberty_weight': 1.5467517435700793, 'threat_weight': 8.42674879640055, 'stone_weight': 1.0661997869093858, 'center_weight': 0.9237306853566482, 'eye_weight': 2.3915080965830864, 'aggression_weight': 8.193560487303033}. Best is trial 280 with value: 60.0.
[I 2024-10-25 07:41:49,718] Trial 297 finished with value: 50.0 and parameters: {'liberty_weight': 0.5202452105373092, 'threat_weight': 8.439746791034691, 'stone_weight': 2.937826328497067, 'center_weight': 0.9225885243013526, 'eye_weight': 1.0949739743477909, 'aggression_weight': 7.298686552712488}. Best is trial 280 with value: 60.0.
[I 2024-10-25 07:48:14,334] Trial 299 finished with value: 46.0 and parameters: {'liberty_weight': 0.29152081579101197, 'threat_weight': 8.111374160966164, 'stone_weight': 1.0725884176781193, 'center_weight': 0.7188137254765606, 'eye_weight': 1.3532275360927302, 'aggression_weight': 7.727632651174658}. Best is trial 280 with value: 60.0.
[I 2024-10-25 07:49:18,755] Trial 300 finished with value: 54.0 and parameters: {'liberty_weight': 0.5236797018535041, 'threat_weight': 8.109258364700041, 'stone_weight': 1.0438744283705597, 'center_weight': 0.9189328710792541, 'eye_weight': 1.0779017468351817, 'aggression_weight': 8.237996099399226}. Best is trial 280 with value: 60.0.
[I 2024-10-25 07:50:54,879] Trial 301 finished with value: 50.0 and parameters: {'liberty_weight': 0.5330592315227397, 'threat_weight': 7.977174086799149, 'stone_weight': 1.062390137352241, 'center_weight': 0.45451360529635354, 'eye_weight': 1.3490318171203857, 'aggression_weight': 8.674849405744709}. Best is trial 280 with value: 60.0.
[I 2024-10-25 07:54:31,851] Trial 302 finished with value: 48.0 and parameters: {'liberty_weight': 0.2750453130775711, 'threat_weight': 7.7300479494212535, 'stone_weight': 1.0107117623511557, 'center_weight': 0.2103063059845335, 'eye_weight': 1.3744623272336023, 'aggression_weight': 8.618710284435439}. Best is trial 280 with value: 60.0.
[I 2024-10-25 07:55:48,654] Trial 304 finished with value: 52.0 and parameters: {'liberty_weight': 1.7365927264851848, 'threat_weight': 8.04752402855213, 'stone_weight': 1.381622142914682, 'center_weight': 0.8762971600169109, 'eye_weight': 1.165499404157232, 'aggression_weight': 6.324844550052848}. Best is trial 280 with value: 60.0.
[I 2024-10-25 07:58:07,693] Trial 303 finished with value: 48.0 and parameters: {'liberty_weight': 0.5235194523399294, 'threat_weight': 8.549209165642653, 'stone_weight': 2.9429121702005636, 'center_weight': 0.7173750504893895, 'eye_weight': 1.3728071302569773, 'aggression_weight': 8.02881748180408}. Best is trial 280 with value: 60.0.
[I 2024-10-25 08:01:16,615] Trial 305 finished with value: 56.0 and parameters: {'liberty_weight': 0.2890615962387754, 'threat_weight': 7.790179359588963, 'stone_weight': 1.3644477749586956, 'center_weight': 0.718234443917544, 'eye_weight': 1.2000396137694842, 'aggression_weight': 8.555093036958336}. Best is trial 280 with value: 60.0.
[I 2024-10-25 08:01:35,561] Trial 306 finished with value: 47.0 and parameters: {'liberty_weight': 0.32127076831934115, 'threat_weight': 7.992813650742363, 'stone_weight': 1.3666234224872909, 'center_weight': 0.20376513745145736, 'eye_weight': 1.1977782080666528, 'aggression_weight': 8.680499766011579}. Best is trial 280 with value: 60.0.
[I 2024-10-25 08:09:47,485] Trial 308 finished with value: 48.0 and parameters: {'liberty_weight': 0.6341126651708247, 'threat_weight': 7.760186952896279, 'stone_weight': 1.3389118141508702, 'center_weight': 0.20906144048585829, 'eye_weight': 0.912627699073003, 'aggression_weight': 8.7760715125083}. Best is trial 280 with value: 60.0.
[I 2024-10-25 08:11:43,903] Trial 309 finished with value: 52.0 and parameters: {'liberty_weight': 0.34578904171343144, 'threat_weight': 7.803570456886242, 'stone_weight': 1.337822364153471, 'center_weight': 0.208803820179411, 'eye_weight': 0.897755564647934, 'aggression_weight': 6.181992375867895}. Best is trial 280 with value: 60.0.
[I 2024-10-25 08:12:32,610] Trial 307 finished with value: 49.0 and parameters: {'liberty_weight': 0.33834694472306726, 'threat_weight': 7.765864450566846, 'stone_weight': 1.3387421205961954, 'center_weight': 0.9621183635693834, 'eye_weight': 1.1885370041008174, 'aggression_weight': 8.59125853187478}. Best is trial 280 with value: 60.0.
[I 2024-10-25 08:14:37,876] Trial 311 finished with value: 58.0 and parameters: {'liberty_weight': 0.21070754207798192, 'threat_weight': 8.864881200770592, 'stone_weight': 1.1743928524290013, 'center_weight': 0.15004207742965847, 'eye_weight': 0.8974545234384521, 'aggression_weight': 7.5712214549351575}. Best is trial 280 with value: 60.0.
[I 2024-10-25 08:17:55,035] Trial 312 finished with value: 52.0 and parameters: {'liberty_weight': 0.3343712369424636, 'threat_weight': 8.8278776879772, 'stone_weight': 1.34088508741067, 'center_weight': 0.15869556801347753, 'eye_weight': 1.1980849708433503, 'aggression_weight': 6.012241454375986}. Best is trial 280 with value: 60.0.
[I 2024-10-25 08:18:19,245] Trial 310 finished with value: 51.0 and parameters: {'liberty_weight': 0.3490135433521266, 'threat_weight': 1.6104839457979148, 'stone_weight': 1.3550814372871782, 'center_weight': 0.8485735515047965, 'eye_weight': 0.8144748550823565, 'aggression_weight': 6.107341318061609}. Best is trial 280 with value: 60.0.
[I 2024-10-25 08:21:21,521] Trial 313 finished with value: 51.0 and parameters: {'liberty_weight': 0.6626892904276088, 'threat_weight': 1.6125114744554545, 'stone_weight': 1.1894350679855668, 'center_weight': 0.8437557962491224, 'eye_weight': 0.9170169327981601, 'aggression_weight': 5.954575089795534}. Best is trial 280 with value: 60.0.
[I 2024-10-25 08:21:50,963] Trial 314 finished with value: 57.0 and parameters: {'liberty_weight': 0.36898152953134034, 'threat_weight': 8.875997589271037, 'stone_weight': 1.2513411880604604, 'center_weight': 0.09656482071875963, 'eye_weight': 0.8702015342100267, 'aggression_weight': 1.8281973698079113}. Best is trial 280 with value: 60.0.
[I 2024-10-25 08:29:21,733] Trial 315 finished with value: 48.0 and parameters: {'liberty_weight': 0.38310186680507474, 'threat_weight': 1.5788724022976521, 'stone_weight': 1.2207227234693214, 'center_weight': 0.15048492597731994, 'eye_weight': 0.8011683680267903, 'aggression_weight': 7.590387219419063}. Best is trial 280 with value: 60.0.
