[I 2024-10-24 23:45:24,942] Trial 122 finished with value: 47.0 and parameters: {'liberty_weight': 1.3998730281280507, 'threat_weight': 6.62879339123013, 'stone_weight': 0.9712496461924736, 'center_weight': 0.4045931747422609, 'eye_weight': 3.3957694487114924, 'aggression_weight': 8.551673162248564}. Best is trial 42 with value: 58.0.
[I 2024-10-24 23:49:52,018] Trial 124 finished with value: 51.0 and parameters: {'liberty_weight': 1.452761930946775, 'threat_weight': 6.5505608359631875, 'stone_weight': 1.6913565975992717, 'center_weight': 0.08144863892885738, 'eye_weight': 1.6303168735906761, 'aggression_weight': 7.6751846537366575}. Best is trial 42 with value: 58.0.
[I 2024-10-24 23:50:59,664] Trial 125 finished with value: 44.0 and parameters: {'liberty_weight': 1.7793051665606363, 'threat_weight': 5.793042346302821, 'stone_weight': 2.148231719435834, 'center_weight': 0.4138601838486927, 'eye_weight': 3.331445035855246, 'aggression_weight': 8.450439828982118}. Best is trial 42 with value: 58.0.
[I 2024-10-24 23:52:16,415] Trial 123 finished with value: 46.0 and parameters: {'liberty_weight': 1.4772634903067798, 'threat_weight': 6.597199583666704, 'stone_weight': 0.9701386409061036, 'center_weight': 0.39503826263360214, 'eye_weight': 3.4824723323669424, 'aggression_weight': 5.5526849604161574}. Best is trial 42 with value: 58.0.
[I 2024-10-24 23:54:29,248] Trial 126 finished with value: 43.0 and parameters: {'liberty_weight': 1.7760801647097237, 'threat_weight': 9.997821743692635, 'stone_weight': 2.15420973037524, 'center_weight': 0.39361859434205027, 'eye_weight': 0.6487452448998366, 'aggression_weight': 8.442402193688245}. Best is trial 42 with value: 58.0.
[I 2024-10-24 23:58:11,651] Trial 127 finished with value: 49.0 and parameters: {'liberty_weight': 1.4662442812226781, 'threat_weight': 9.380376857778128, 'stone_weight': 2.151500836034222, 'center_weight': 0.0942866157514469, 'eye_weight': 3.4652696698104686, 'aggression_weight': 8.88562656799687}. Best is trial 42 with value: 58.0.
[I 2024-10-25 00:03:36,382] Trial 128 finished with value: 47.0 and parameters: {'liberty_weight': 1.7135514772033178, 'threat_weight': 8.293278231452973, 'stone_weight': 2.3265271485016195, 'center_weight': 0.08287464227863789, 'eye_weight': 2.5737238553100346, 'aggression_weight': 6.083487050677525}. Best is trial 42 with value: 58.0.
[I 2024-10-25 00:06:27,321] Trial 129 finished with value: 54.0 and parameters: {'liberty_weight': 0.80186644303545, 'threat_weight': 8.373040590745424, 'stone_weight': 2.286389896071787, 'center_weight': 0.08219563542974498, 'eye_weight': 2.5937791011976783, 'aggression_weight': 6.002707879479402}. Best is trial 42 with value: 58.0.
[I 2024-10-25 00:08:22,947] Trial 130 finished with value: 56.0 and parameters: {'liberty_weight': 0.7804806527312386, 'threat_weight': 8.348963386323845, 'stone_weight': 1.2674428462930314, 'center_weight': 0.9549355654626819, 'eye_weight': 2.1742024264158575, 'aggression_weight': 5.604636824448796}. Best is trial 42 with value: 58.0.
[I 2024-10-25 00:12:15,399] Trial 132 finished with value: 54.0 and parameters: {'liberty_weight': 1.3229387043390886, 'threat_weight': 8.373461320569247, 'stone_weight': 2.3353970972796394, 'center_weight': 0.9608277918995509, 'eye_weight': 2.226967396364031, 'aggression_weight': 5.625847327391893}. Best is trial 42 with value: 58.0.
[I 2024-10-25 00:12:32,723] Trial 131 finished with value: 47.0 and parameters: {'liberty_weight': 1.7220516813019124, 'threat_weight': 8.998172166223874, 'stone_weight': 2.442746529721919, 'center_weight': 0.9446741576234869, 'eye_weight': 2.245019800118944, 'aggression_weight': 5.870221553030181}. Best is trial 42 with value: 58.0.
[I 2024-10-25 00:13:46,453] Trial 133 finished with value: 53.0 and parameters: {'liberty_weight': 1.7230755745593207, 'threat_weight': 8.887548316542839, 'stone_weight': 2.360337306076584, 'center_weight': 0.2515464090498303, 'eye_weight': 2.204574312070654, 'aggression_weight': 6.075384779001665}. Best is trial 42 with value: 58.0.
[I 2024-10-25 00:16:14,242] Trial 134 finished with value: 56.0 and parameters: {'liberty_weight': 1.709375765871871, 'threat_weight': 8.383574618400754, 'stone_weight': 2.3465189989716992, 'center_weight': 0.9598312255888234, 'eye_weight': 2.2075092848029594, 'aggression_weight': 5.963365630251579}. Best is trial 42 with value: 58.0.
[I 2024-10-25 00:18:02,861] Trial 135 finished with value: 53.0 and parameters: {'liberty_weight': 0.798403026493235, 'threat_weight': 7.317815889509539, 'stone_weight': 2.359413362372091, 'center_weight': 0.253463673559545, 'eye_weight': 2.2545370031509275, 'aggression_weight': 6.037443557960795}. Best is trial 42 with value: 58.0.
[I 2024-10-25 00:24:50,642] Trial 136 finished with value: 53.0 and parameters: {'liberty_weight': 1.0618401365359154, 'threat_weight': 7.280292125388972, 'stone_weight': 2.4201996382990685, 'center_weight': 0.9592105132238675, 'eye_weight': 2.1651594326393164, 'aggression_weight': 6.339357328524514}. Best is trial 42 with value: 58.0.
[I 2024-10-25 00:27:58,143] Trial 138 finished with value: 57.0 and parameters: {'liberty_weight': 0.7265651067885605, 'threat_weight': 8.898539273188055, 'stone_weight': 1.2695302878274606, 'center_weight': 0.9557952818989986, 'eye_weight': 2.260987527335562, 'aggression_weight': 5.68251131113355}. Best is trial 42 with value: 58.0.
[I 2024-10-25 00:29:05,640] Trial 137 finished with value: 51.0 and parameters: {'liberty_weight': 1.0490450161802511, 'threat_weight': 8.882724284209258, 'stone_weight': 2.3765761335274322, 'center_weight': 0.9357192542542452, 'eye_weight': 2.2069981084219457, 'aggression_weight': 5.781487683008693}. Best is trial 42 with value: 58.0.
[I 2024-10-25 00:32:58,583] Trial 139 finished with value: 52.0 and parameters: {'liberty_weight': 0.7538769575146542, 'threat_weight': 4.421940139243777, 'stone_weight': 1.2700217355922878, 'center_weight': 0.9272459784466249, 'eye_weight': 2.0335015555910236, 'aggression_weight': 6.3093777221518215}. Best is trial 42 with value: 58.0.
[I 2024-10-25 00:34:27,108] Trial 141 finished with value: 58.0 and parameters: {'liberty_weight': 0.6560103428753781, 'threat_weight': 9.271659161447294, 'stone_weight': 1.1104152667245435, 'center_weight': 0.9075626427246657, 'eye_weight': 2.018885304217365, 'aggression_weight': 6.371748973295004}. Best is trial 42 with value: 58.0.
[I 2024-10-25 00:34:35,647] Trial 140 finished with value: 47.0 and parameters: {'liberty_weight': 0.727145851447365, 'threat_weight': 7.332845397419051, 'stone_weight': 1.2650705038373347, 'center_weight': 0.9115681155744526, 'eye_weight': 4.50846525403581, 'aggression_weight': 4.853633486252179}. Best is trial 42 with value: 58.0.
[I 2024-10-25 00:40:00,211] Trial 142 finished with value: 52.0 and parameters: {'liberty_weight': 0.7261609946596067, 'threat_weight': 7.292792819959781, 'stone_weight': 1.2552273781876084, 'center_weight': 0.9073134440308499, 'eye_weight': 2.023615954427676, 'aggression_weight': 5.272743766289789}. Best is trial 42 with value: 58.0.
[I 2024-10-25 00:40:24,242] Trial 143 finished with value: 52.0 and parameters: {'liberty_weight': 0.6800143162401948, 'threat_weight': 8.792687116567771, 'stone_weight': 1.2793712037525153, 'center_weight': 0.9027231527609118, 'eye_weight': 2.0294114853326723, 'aggression_weight': 5.195867317222857}. Best is trial 42 with value: 58.0.
[I 2024-10-25 00:47:15,837] Trial 144 finished with value: 49.0 and parameters: {'liberty_weight': 0.7288432562066194, 'threat_weight': 7.826013973834661, 'stone_weight': 1.2750833940191233, 'center_weight': 0.912682851254134, 'eye_weight': 1.8405302860762127, 'aggression_weight': 6.393534718958712}. Best is trial 42 with value: 58.0.
[I 2024-10-25 00:49:41,746] Trial 145 finished with value: 52.0 and parameters: {'liberty_weight': 0.6813304198074226, 'threat_weight': 8.088668936358436, 'stone_weight': 1.2638085625153326, 'center_weight': 0.904380301490661, 'eye_weight': 2.069421460101977, 'aggression_weight': 5.168565478856591}. Best is trial 42 with value: 58.0.
[I 2024-10-25 00:50:18,300] Trial 146 finished with value: 49.0 and parameters: {'liberty_weight': 0.6322122974252805, 'threat_weight': 8.083484576498705, 'stone_weight': 1.3874233874992732, 'center_weight': 0.902321110728092, 'eye_weight': 0.6342845606341746, 'aggression_weight': 5.205331811262482}. Best is trial 42 with value: 58.0.
[I 2024-10-25 00:52:29,327] Trial 147 finished with value: 49.0 and parameters: {'liberty_weight': 0.6756553705722288, 'threat_weight': 7.6632549875610225, 'stone_weight': 1.3907446703191986, 'center_weight': 0.9106989260139065, 'eye_weight': 3.723144531771914, 'aggression_weight': 4.79958966505528}. Best is trial 42 with value: 58.0.
[I 2024-10-25 00:53:42,761] Trial 149 finished with value: 47.0 and parameters: {'liberty_weight': 0.647797846060518, 'threat_weight': 8.137813544864867, 'stone_weight': 1.1079934740850392, 'center_weight': 0.4774679478462062, 'eye_weight': 1.8403477151541774, 'aggression_weight': 5.125229203756386}. Best is trial 42 with value: 58.0.
[I 2024-10-25 00:54:17,554] Trial 148 finished with value: 53.0 and parameters: {'liberty_weight': 0.6691092458904129, 'threat_weight': 8.105027279610411, 'stone_weight': 1.03886705675523, 'center_weight': 0.9027888961957179, 'eye_weight': 1.8038441768044544, 'aggression_weight': 6.7171841716381975}. Best is trial 42 with value: 58.0.
[I 2024-10-25 01:00:30,405] Trial 150 finished with value: 47.0 and parameters: {'liberty_weight': 1.6264681809568269, 'threat_weight': 9.293010966441361, 'stone_weight': 1.4082395894439643, 'center_weight': 0.9762150230485555, 'eye_weight': 2.3391846151850686, 'aggression_weight': 6.41530687081874}. Best is trial 42 with value: 58.0.
[I 2024-10-25 01:03:25,694] Trial 151 finished with value: 48.0 and parameters: {'liberty_weight': 0.6469401090910082, 'threat_weight': 8.047017046191954, 'stone_weight': 1.119119037700218, 'center_weight': 0.8660957227525526, 'eye_weight': 1.786572803148183, 'aggression_weight': 6.765954627803192}. Best is trial 42 with value: 58.0.
[I 2024-10-25 01:09:54,262] Trial 152 finished with value: 52.0 and parameters: {'liberty_weight': 0.5767941875993563, 'threat_weight': 8.173511806077391, 'stone_weight': 1.0910931657213958, 'center_weight': 0.86432098723203, 'eye_weight': 2.343620981677184, 'aggression_weight': 6.748712270281284}. Best is trial 42 with value: 58.0.
[I 2024-10-25 01:10:05,928] Trial 154 finished with value: 47.0 and parameters: {'liberty_weight': 1.6060685989571177, 'threat_weight': 9.221703594749922, 'stone_weight': 1.4638852428216897, 'center_weight': 0.974585239574829, 'eye_weight': 2.3914463149613088, 'aggression_weight': 6.74874712800898}. Best is trial 42 with value: 58.0.
[I 2024-10-25 01:14:27,194] Trial 155 finished with value: 48.0 and parameters: {'liberty_weight': 0.4863295380187171, 'threat_weight': 9.783408271161322, 'stone_weight': 1.088803438644933, 'center_weight': 0.9751859896639418, 'eye_weight': 3.1806033420252575, 'aggression_weight': 6.729496875186268}. Best is trial 42 with value: 58.0.
[I 2024-10-25 01:15:32,328] Trial 156 finished with value: 46.0 and parameters: {'liberty_weight': 0.5519864572792248, 'threat_weight': 9.325034047780143, 'stone_weight': 1.1194355558832727, 'center_weight': 0.9713004813542082, 'eye_weight': 2.429261736410492, 'aggression_weight': 6.806825146472956}. Best is trial 42 with value: 58.0.
[I 2024-10-25 01:15:45,099] Trial 153 finished with value: 48.0 and parameters: {'liberty_weight': 0.6502207820307045, 'threat_weight': 9.33921285986172, 'stone_weight': 1.103094319725624, 'center_weight': 0.9764530783400065, 'eye_weight': 2.88786462718744, 'aggression_weight': 5.574396515487675}. Best is trial 42 with value: 58.0.
[I 2024-10-25 01:17:24,074] Trial 157 finished with value: 50.0 and parameters: {'liberty_weight': 0.4671707720731023, 'threat_weight': 9.260992992848164, 'stone_weight': 1.1418621198434518, 'center_weight': 0.980568520514455, 'eye_weight': 2.3122175948121204, 'aggression_weight': 5.7084227048838105}. Best is trial 42 with value: 58.0.
[I 2024-10-25 01:23:18,333] Trial 158 finished with value: 56.0 and parameters: {'liberty_weight': 0.5166315168621499, 'threat_weight': 8.533027150774378, 'stone_weight': 1.106861876880638, 'center_weight': 0.8690091072147527, 'eye_weight': 1.028640437979334, 'aggression_weight': 5.579323656256712}. Best is trial 42 with value: 58.0.
[I 2024-10-25 01:25:31,718] Trial 159 finished with value: 47.0 and parameters: {'liberty_weight': 0.5510822910160338, 'threat_weight': 9.791436644710876, 'stone_weight': 1.8943513896237707, 'center_weight': 0.19127230751604785, 'eye_weight': 2.0978512834999776, 'aggression_weight': 0.2215770473623035}. Best is trial 42 with value: 58.0.
[I 2024-10-25 01:30:35,635] Trial 161 finished with value: 51.0 and parameters: {'liberty_weight': 0.9243861953707635, 'threat_weight': 8.510649088928432, 'stone_weight': 1.910924691161059, 'center_weight': 0.5478210958025654, 'eye_weight': 1.6640401448136943, 'aggression_weight': 5.560347957898513}. Best is trial 42 with value: 58.0.
[I 2024-10-25 01:33:16,166] Trial 160 finished with value: 51.0 and parameters: {'liberty_weight': 0.8803706644391354, 'threat_weight': 8.477444600915705, 'stone_weight': 1.8787247471740611, 'center_weight': 0.971532677409641, 'eye_weight': 1.9625809342439693, 'aggression_weight': 0.1703919997103701}. Best is trial 42 with value: 58.0.
[I 2024-10-25 01:35:46,414] Trial 163 finished with value: 52.0 and parameters: {'liberty_weight': 0.8015767834216919, 'threat_weight': 8.567436198215264, 'stone_weight': 2.2206871161649246, 'center_weight': 0.18968150513116416, 'eye_weight': 1.6615735719306437, 'aggression_weight': 5.8349338357934615}. Best is trial 42 with value: 58.0.
[I 2024-10-25 01:36:42,328] Trial 162 finished with value: 54.0 and parameters: {'liberty_weight': 0.9071637613023457, 'threat_weight': 8.501513188781024, 'stone_weight': 1.9035290167130023, 'center_weight': 0.19112992588245897, 'eye_weight': 1.982218645138998, 'aggression_weight': 5.610273213638438}. Best is trial 42 with value: 58.0.
[I 2024-10-25 01:39:22,205] Trial 164 finished with value: 51.0 and parameters: {'liberty_weight': 0.8655251900909026, 'threat_weight': 4.683466766384452, 'stone_weight': 1.557408591861591, 'center_weight': 0.8212476424041767, 'eye_weight': 1.0616918119134557, 'aggression_weight': 0.26659477338473936}. Best is trial 42 with value: 58.0.
[I 2024-10-25 01:40:55,899] Trial 165 finished with value: 46.0 and parameters: {'liberty_weight': 0.8941702193270129, 'threat_weight': 4.77686146546247, 'stone_weight': 1.550807725151928, 'center_weight': 0.5401704117093102, 'eye_weight': 1.9518312341117365, 'aggression_weight': 7.427410771760817}. Best is trial 42 with value: 58.0.
[I 2024-10-25 01:46:47,948] Trial 167 finished with value: 57.0 and parameters: {'liberty_weight': 0.35971528391666824, 'threat_weight': 8.76696159607572, 'stone_weight': 1.3250644977505714, 'center_weight': 0.5514683243670068, 'eye_weight': 1.0356110105116905, 'aggression_weight': 7.0699551629593165}. Best is trial 42 with value: 58.0.
[I 2024-10-25 01:48:54,527] Trial 166 finished with value: 48.0 and parameters: {'liberty_weight': 0.37928569844109983, 'threat_weight': 9.084795932735194, 'stone_weight': 2.2255523422380437, 'center_weight': 0.19308622294390515, 'eye_weight': 1.0348558171617634, 'aggression_weight': 7.034408389957474}. Best is trial 42 with value: 58.0.
[I 2024-10-25 01:49:35,990] Trial 168 finished with value: 53.0 and parameters: {'liberty_weight': 0.7963377674867193, 'threat_weight': 8.721454440029014, 'stone_weight': 1.7809428454012683, 'center_weight': 0.9409333504441838, 'eye_weight': 1.0138920139415561, 'aggression_weight': 5.870048172388712}. Best is trial 42 with value: 58.0.
[I 2024-10-25 01:52:56,410] Trial 169 finished with value: 42.0 and parameters: {'liberty_weight': 1.8781564718702688, 'threat_weight': 8.718392690078273, 'stone_weight': 2.2317161635757428, 'center_weight': 0.8220925986769598, 'eye_weight': 1.078859524188698, 'aggression_weight': 5.818773277887141}. Best is trial 42 with value: 58.0.
[I 2024-10-25 01:58:16,191] Trial 170 finished with value: 50.0 and parameters: {'liberty_weight': 1.8881647604109695, 'threat_weight': 8.75310428932679, 'stone_weight': 1.3308122529318023, 'center_weight': 0.823679462024979, 'eye_weight': 1.0552725267260006, 'aggression_weight': 6.228501857808679}. Best is trial 42 with value: 58.0.
[I 2024-10-25 02:02:04,920] Trial 172 finished with value: 53.0 and parameters: {'liberty_weight': 0.2510274654536282, 'threat_weight': 8.73294282563441, 'stone_weight': 1.7817084053800156, 'center_weight': 0.3082927822155891, 'eye_weight': 1.0393420139469536, 'aggression_weight': 6.203108490302612}. Best is trial 42 with value: 58.0.
[I 2024-10-25 02:02:06,139] Trial 173 finished with value: 47.0 and parameters: {'liberty_weight': 0.3542635585815231, 'threat_weight': 8.811993003482353, 'stone_weight': 0.8682770111209065, 'center_weight': 0.34451235532723284, 'eye_weight': 0.7701140712744405, 'aggression_weight': 6.211899498354543}. Best is trial 42 with value: 58.0.
[I 2024-10-25 02:02:51,436] Trial 171 finished with value: 53.0 and parameters: {'liberty_weight': 0.3788713727148366, 'threat_weight': 8.77009709790754, 'stone_weight': 1.33159851716489, 'center_weight': 0.8217691960507654, 'eye_weight': 1.0186014478519758, 'aggression_weight': 7.026915677502754}. Best is trial 42 with value: 58.0.
[I 2024-10-25 02:07:26,147] Trial 174 finished with value: 48.0 and parameters: {'liberty_weight': 0.362943869064174, 'threat_weight': 9.107483298256138, 'stone_weight': 1.329988706116152, 'center_weight': 0.3536765997057958, 'eye_weight': 0.7718546559227869, 'aggression_weight': 6.426843131229129}. Best is trial 42 with value: 58.0.
[I 2024-10-25 02:08:30,476] Trial 175 finished with value: 48.0 and parameters: {'liberty_weight': 1.5703730288241067, 'threat_weight': 8.822363870221531, 'stone_weight': 1.3248256577756563, 'center_weight': 0.6268274626142255, 'eye_weight': 0.7569115493897078, 'aggression_weight': 6.185808740466014}. Best is trial 42 with value: 58.0.
[I 2024-10-25 02:12:34,475] Trial 176 finished with value: 54.0 and parameters: {'liberty_weight': 0.1454199842934819, 'threat_weight': 8.81701942693728, 'stone_weight': 1.3321932111862869, 'center_weight': 0.5850933043459161, 'eye_weight': 0.7877753133060018, 'aggression_weight': 6.290252851459174}. Best is trial 42 with value: 58.0.
[I 2024-10-25 02:14:04,017] Trial 177 finished with value: 51.0 and parameters: {'liberty_weight': 1.5572779836995956, 'threat_weight': 9.023038275398344, 'stone_weight': 1.3246903844744153, 'center_weight': 0.5883353499961657, 'eye_weight': 0.7826030949270437, 'aggression_weight': 6.175891113805228}. Best is trial 42 with value: 58.0.
[I 2024-10-25 02:23:33,183] Trial 181 finished with value: 53.0 and parameters: {'liberty_weight': 0.13198194016935028, 'threat_weight': 9.482817667160752, 'stone_weight': 1.4594038122106572, 'center_weight': 0.1333731944980892, 'eye_weight': 0.6067607764796361, 'aggression_weight': 6.556503610286214}. Best is trial 42 with value: 58.0.
[I 2024-10-25 02:24:31,404] Trial 178 finished with value: 44.0 and parameters: {'liberty_weight': 0.2746594878143199, 'threat_weight': 3.948051518396065, 'stone_weight': 0.5428147985771978, 'center_weight': 0.5825993481101854, 'eye_weight': 0.7856639385793512, 'aggression_weight': 6.1686351336340834}. Best is trial 42 with value: 58.0.
[I 2024-10-25 02:25:23,867] Trial 180 finished with value: 56.0 and parameters: {'liberty_weight': 0.296067527463089, 'threat_weight': 3.3409639246893574, 'stone_weight': 0.5183492480706186, 'center_weight': 0.6168737901873772, 'eye_weight': 0.6164272176927148, 'aggression_weight': 1.4061737693177387}. Best is trial 42 with value: 58.0.
[I 2024-10-25 02:27:09,061] Trial 179 finished with value: 53.0 and parameters: {'liberty_weight': 0.24482818877975293, 'threat_weight': 9.546420841717323, 'stone_weight': 0.5442008168944245, 'center_weight': 0.6031224329801415, 'eye_weight': 0.8056826434606162, 'aggression_weight': 7.291285942325919}. Best is trial 42 with value: 58.0.
[I 2024-10-25 02:31:41,616] Trial 182 finished with value: 52.0 and parameters: {'liberty_weight': 0.2510372446191731, 'threat_weight': 3.9748248759014477, 'stone_weight': 1.1933386469594125, 'center_weight': 0.5688313740382256, 'eye_weight': 1.2308476313479213, 'aggression_weight': 1.5159934133699071}. Best is trial 42 with value: 58.0.
[I 2024-10-25 02:33:50,810] Trial 184 finished with value: 48.0 and parameters: {'liberty_weight': 0.31550955815102877, 'threat_weight': 6.1589379560479545, 'stone_weight': 0.5593817567288866, 'center_weight': 0.8547594708589299, 'eye_weight': 2.1657875208353183, 'aggression_weight': 7.253152009255418}. Best is trial 42 with value: 58.0.
[I 2024-10-25 02:36:33,038] Trial 185 finished with value: 54.0 and parameters: {'liberty_weight': 0.3043220617534448, 'threat_weight': 6.153379716830161, 'stone_weight': 2.0114899473810004, 'center_weight': 0.8600769900738495, 'eye_weight': 0.629379030945175, 'aggression_weight': 5.456281317977483}. Best is trial 42 with value: 58.0.
[I 2024-10-25 02:36:39,759] Trial 183 finished with value: 48.0 and parameters: {'liberty_weight': 0.6096829757092195, 'threat_weight': 9.470405401786692, 'stone_weight': 2.5259823856094132, 'center_weight': 0.5632669541625017, 'eye_weight': 0.6055974665334255, 'aggression_weight': 6.511387092685774}. Best is trial 42 with value: 58.0.
[I 2024-10-25 02:43:18,984] Trial 186 finished with value: 40.0 and parameters: {'liberty_weight': 1.6210538925311728, 'threat_weight': 6.234079084838627, 'stone_weight': 1.1941620473414658, 'center_weight': 0.7412371068599309, 'eye_weight': 1.2626065582972124, 'aggression_weight': 1.3352555285596208}. Best is trial 42 with value: 58.0.
