[I 2024-10-25 15:24:11,827] Trial 445 finished with value: 52.0 and parameters: {'liberty_weight': 0.4431191682203714, 'threat_weight': 6.149368298980624, 'stone_weight': 1.7952678505676567, 'center_weight': 0.7754017201621314, 'eye_weight': 0.8471733532490364, 'aggression_weight': 7.424611286012052}. Best is trial 280 with value: 60.0.
[I 2024-10-25 15:24:58,561] Trial 443 finished with value: 48.0 and parameters: {'liberty_weight': 0.93483210448332, 'threat_weight': 8.548278427530297, 'stone_weight': 1.7989244656485481, 'center_weight': 0.5281423314365431, 'eye_weight': 0.8443107351000612, 'aggression_weight': 7.459047445369713}. Best is trial 280 with value: 60.0.
[I 2024-10-25 15:29:01,382] Trial 447 finished with value: 48.0 and parameters: {'liberty_weight': 1.9894114851816869, 'threat_weight': 6.901438088092536, 'stone_weight': 1.3266859068405494, 'center_weight': 0.22575900852640285, 'eye_weight': 1.3689993929739728, 'aggression_weight': 7.403797904163054}. Best is trial 280 with value: 60.0.
[I 2024-10-25 15:29:32,831] Trial 446 finished with value: 51.0 and parameters: {'liberty_weight': 0.641677974957708, 'threat_weight': 7.709887050362528, 'stone_weight': 1.287694687131486, 'center_weight': 0.267688512947897, 'eye_weight': 0.8498767739182288, 'aggression_weight': 7.40668989511954}. Best is trial 280 with value: 60.0.
[I 2024-10-25 15:31:14,481] Trial 448 finished with value: 51.0 and parameters: {'liberty_weight': 1.2771899458758473, 'threat_weight': 6.905917070098662, 'stone_weight': 1.3161894485882508, 'center_weight': 0.913562851467349, 'eye_weight': 0.9876703736738112, 'aggression_weight': 7.466918024982729}. Best is trial 280 with value: 60.0.
[I 2024-10-25 15:39:59,496] Trial 449 finished with value: 50.0 and parameters: {'liberty_weight': 0.6761187824302681, 'threat_weight': 6.922840185828502, 'stone_weight': 1.5472321071565445, 'center_weight': 0.14106973201611644, 'eye_weight': 0.998924567590949, 'aggression_weight': 2.070156039366227}. Best is trial 280 with value: 60.0.
[I 2024-10-25 15:41:54,083] Trial 450 finished with value: 56.0 and parameters: {'liberty_weight': 0.6421619731640353, 'threat_weight': 8.499948758603441, 'stone_weight': 1.5314539926476378, 'center_weight': 0.9130783387691914, 'eye_weight': 0.698046675968511, 'aggression_weight': 2.4354060195306584}. Best is trial 280 with value: 60.0.
[I 2024-10-25 15:44:30,443] Trial 451 finished with value: 57.0 and parameters: {'liberty_weight': 0.6302006170767708, 'threat_weight': 7.7017261331225, 'stone_weight': 1.314443606055644, 'center_weight': 0.2964561122678695, 'eye_weight': 1.3730146043943177, 'aggression_weight': 7.024361096072608}. Best is trial 280 with value: 60.0.
[I 2024-10-25 15:46:42,160] Trial 452 finished with value: 51.0 and parameters: {'liberty_weight': 0.15464788595143203, 'threat_weight': 7.72564820712729, 'stone_weight': 1.5278142099379637, 'center_weight': 0.14674079838384965, 'eye_weight': 0.6964304728910657, 'aggression_weight': 6.9792039453716095}. Best is trial 280 with value: 60.0.
[I 2024-10-25 15:49:20,558] Trial 453 finished with value: 57.0 and parameters: {'liberty_weight': 0.6765031071303871, 'threat_weight': 6.950209711217821, 'stone_weight': 1.5264717476014547, 'center_weight': 0.15347704164742068, 'eye_weight': 1.3452829822854357, 'aggression_weight': 6.469495087895884}. Best is trial 280 with value: 60.0.
[I 2024-10-25 15:52:46,876] Trial 456 finished with value: 53.0 and parameters: {'liberty_weight': 1.579350426396203, 'threat_weight': 9.104161632992671, 'stone_weight': 1.1688251632725577, 'center_weight': 0.29584269113879696, 'eye_weight': 0.7009255698693884, 'aggression_weight': 6.989420417797866}. Best is trial 280 with value: 60.0.
[I 2024-10-25 15:54:19,874] Trial 455 finished with value: 43.0 and parameters: {'liberty_weight': 1.5614072485777744, 'threat_weight': 6.250124017311042, 'stone_weight': 1.1869150049487505, 'center_weight': 0.9164192913495263, 'eye_weight': 0.7550683634133512, 'aggression_weight': 6.953505991124442}. Best is trial 280 with value: 60.0.
[I 2024-10-25 15:54:47,205] Trial 454 finished with value: 50.0 and parameters: {'liberty_weight': 0.6485831738380329, 'threat_weight': 9.0896324011833, 'stone_weight': 1.1844632738950613, 'center_weight': 0.9126411281694512, 'eye_weight': 0.6708481503070496, 'aggression_weight': 7.0645521873142245}. Best is trial 280 with value: 60.0.
[I 2024-10-25 16:05:02,493] Trial 457 finished with value: 48.0 and parameters: {'liberty_weight': 1.5791854457726158, 'threat_weight': 8.419118403575354, 'stone_weight': 1.1928543728806884, 'center_weight': 0.16505838144775425, 'eye_weight': 0.7328057808379592, 'aggression_weight': 2.3583092984040572}. Best is trial 280 with value: 60.0.
[I 2024-10-25 16:05:45,875] Trial 458 finished with value: 47.0 and parameters: {'liberty_weight': 1.490694005898284, 'threat_weight': 6.295607420028435, 'stone_weight': 1.381918524393963, 'center_weight': 0.9783671456224043, 'eye_weight': 2.3755102533925263, 'aggression_weight': 1.8084559230938888}. Best is trial 280 with value: 60.0.
[I 2024-10-25 16:06:43,960] Trial 459 finished with value: 59.0 and parameters: {'liberty_weight': 1.5659211864991927, 'threat_weight': 7.761546833690108, 'stone_weight': 1.4211286530564822, 'center_weight': 0.24428144050630418, 'eye_weight': 1.4686968533913378, 'aggression_weight': 7.054485889568717}. Best is trial 280 with value: 60.0.
[I 2024-10-25 16:15:11,829] Trial 460 finished with value: 47.0 and parameters: {'liberty_weight': 1.563843827451023, 'threat_weight': 9.550958103273292, 'stone_weight': 1.434918856467159, 'center_weight': 0.19977353602676887, 'eye_weight': 1.4838517029081504, 'aggression_weight': 6.947773056058757}. Best is trial 280 with value: 60.0.
[I 2024-10-25 16:16:19,969] Trial 461 finished with value: 54.0 and parameters: {'liberty_weight': 0.7084950708251381, 'threat_weight': 7.512292364236831, 'stone_weight': 1.3937197668426953, 'center_weight': 0.22158358708211134, 'eye_weight': 1.5242051662990252, 'aggression_weight': 6.998993933594015}. Best is trial 280 with value: 60.0.
