[I 2024-10-25 08:32:42,987] Trial 316 finished with value: 53.0 and parameters: {'liberty_weight': 0.41277409436230905, 'threat_weight': 8.879569477911812, 'stone_weight': 1.1703585734946016, 'center_weight': 0.15049136832566895, 'eye_weight': 0.8170687564363883, 'aggression_weight': 6.01595848193883}. Best is trial 280 with value: 60.0.
[I 2024-10-25 08:35:06,883] Trial 318 finished with value: 49.0 and parameters: {'liberty_weight': 0.16626707174062041, 'threat_weight': 8.827887132357448, 'stone_weight': 1.168019638805633, 'center_weight': 0.16143850486782596, 'eye_weight': 1.068871211398768, 'aggression_weight': 7.4312669183153135}. Best is trial 280 with value: 60.0.
[I 2024-10-25 08:38:02,826] Trial 319 finished with value: 54.0 and parameters: {'liberty_weight': 0.19603119536258395, 'threat_weight': 8.66640032706136, 'stone_weight': 1.2322917478453463, 'center_weight': 0.13362027019316491, 'eye_weight': 1.0494100428994546, 'aggression_weight': 7.660541503887099}. Best is trial 280 with value: 60.0.
[I 2024-10-25 08:39:31,448] Trial 320 finished with value: 45.0 and parameters: {'liberty_weight': 0.21082634749917023, 'threat_weight': 8.661403323479613, 'stone_weight': 1.1769850876970855, 'center_weight': 0.14078147210449138, 'eye_weight': 1.0547224697403292, 'aggression_weight': 7.591515924680431}. Best is trial 280 with value: 60.0.
[I 2024-10-25 08:39:58,764] Trial 317 finished with value: 51.0 and parameters: {'liberty_weight': 0.22860487482981476, 'threat_weight': 8.755689538067832, 'stone_weight': 0.4586685768596036, 'center_weight': 0.8436991497828864, 'eye_weight': 0.8229037905973908, 'aggression_weight': 1.8709733597440206}. Best is trial 280 with value: 60.0.
[I 2024-10-25 08:42:06,820] Trial 322 finished with value: 54.0 and parameters: {'liberty_weight': 0.21257473702475363, 'threat_weight': 8.626925412855034, 'stone_weight': 1.1781890989702892, 'center_weight': 0.1311049871404511, 'eye_weight': 1.0577327276460289, 'aggression_weight': 1.8133323228714193}. Best is trial 280 with value: 60.0.
[I 2024-10-25 08:45:53,769] Trial 321 finished with value: 48.0 and parameters: {'liberty_weight': 0.21352167873949698, 'threat_weight': 2.242052051180698, 'stone_weight': 1.1774395914358151, 'center_weight': 0.06803115690786668, 'eye_weight': 1.0411731388168572, 'aggression_weight': 7.2425930464892945}. Best is trial 280 with value: 60.0.
[I 2024-10-25 08:50:53,880] Trial 323 finished with value: 52.0 and parameters: {'liberty_weight': 0.42112796044655076, 'threat_weight': 8.621175275728067, 'stone_weight': 1.173914546033925, 'center_weight': 0.06697079654395538, 'eye_weight': 1.103433999575748, 'aggression_weight': 1.7174830050224126}. Best is trial 280 with value: 60.0.
[I 2024-10-25 08:53:05,360] Trial 324 finished with value: 51.0 and parameters: {'liberty_weight': 0.19277599634852133, 'threat_weight': 8.878653271890517, 'stone_weight': 1.2427545865571863, 'center_weight': 0.12646239378188376, 'eye_weight': 1.0615949143052479, 'aggression_weight': 1.5061326728153066}. Best is trial 280 with value: 60.0.
[I 2024-10-25 08:58:00,666] Trial 325 finished with value: 45.0 and parameters: {'liberty_weight': 0.22015357612607522, 'threat_weight': 8.604912577559906, 'stone_weight': 1.246760360392864, 'center_weight': 0.10725753999469088, 'eye_weight': 1.0641320499834408, 'aggression_weight': 1.7911201702754755}. Best is trial 280 with value: 60.0.
[I 2024-10-25 09:00:12,005] Trial 328 finished with value: 45.0 and parameters: {'liberty_weight': 0.4091479279233493, 'threat_weight': 9.359345328081053, 'stone_weight': 1.2673830740303182, 'center_weight': 0.11176714514779579, 'eye_weight': 2.808998054515956, 'aggression_weight': 1.6647643799587715}. Best is trial 280 with value: 60.0.
[I 2024-10-25 09:02:14,749] Trial 329 finished with value: 50.0 and parameters: {'liberty_weight': 0.3860507395371721, 'threat_weight': 1.2481113897682254, 'stone_weight': 1.3056967859872939, 'center_weight': 0.11828449397941805, 'eye_weight': 0.9501536494742602, 'aggression_weight': 7.126823160780505}. Best is trial 280 with value: 60.0.
[I 2024-10-25 09:02:15,472] Trial 327 finished with value: 44.0 and parameters: {'liberty_weight': 0.2477313242460369, 'threat_weight': 5.5696377136089135, 'stone_weight': 1.2571146806363458, 'center_weight': 0.06609989523488997, 'eye_weight': 0.9196598104421408, 'aggression_weight': 6.854947221959247}. Best is trial 280 with value: 60.0.
[I 2024-10-25 09:03:14,762] Trial 326 finished with value: 51.0 and parameters: {'liberty_weight': 0.4288155293878911, 'threat_weight': 8.666812898233815, 'stone_weight': 1.257911761156463, 'center_weight': 0.11869797522483039, 'eye_weight': 0.9033155401109427, 'aggression_weight': 1.7934846788284209}. Best is trial 280 with value: 60.0.
[I 2024-10-25 09:07:00,506] Trial 330 finished with value: 48.0 and parameters: {'liberty_weight': 0.41614396208188575, 'threat_weight': 5.59130424957109, 'stone_weight': 1.2647649231808473, 'center_weight': 0.09515516323305455, 'eye_weight': 0.9100261761949929, 'aggression_weight': 6.8355073075555435}. Best is trial 280 with value: 60.0.
[I 2024-10-25 09:12:00,525] Trial 331 finished with value: 49.0 and parameters: {'liberty_weight': 0.589534689562495, 'threat_weight': 6.515069902726859, 'stone_weight': 1.2497372164599636, 'center_weight': 0.18657914264038272, 'eye_weight': 0.9335420210843859, 'aggression_weight': 6.808557106857383}. Best is trial 280 with value: 60.0.
[I 2024-10-25 09:12:54,007] Trial 332 finished with value: 52.0 and parameters: {'liberty_weight': 0.37946893428155426, 'threat_weight': 5.493122356331685, 'stone_weight': 1.288010078673874, 'center_weight': 0.09566012135063784, 'eye_weight': 0.9304949820023365, 'aggression_weight': 6.587977716484905}. Best is trial 280 with value: 60.0.
[I 2024-10-25 09:19:07,407] Trial 333 finished with value: 43.0 and parameters: {'liberty_weight': 1.599817474838858, 'threat_weight': 5.559824061797688, 'stone_weight': 1.2738672035390932, 'center_weight': 0.03675062260720746, 'eye_weight': 0.9132942572821283, 'aggression_weight': 6.609718269265111}. Best is trial 280 with value: 60.0.
[I 2024-10-25 09:19:13,733] Trial 334 finished with value: 46.0 and parameters: {'liberty_weight': 0.36583827808817504, 'threat_weight': 4.3615051098421596, 'stone_weight': 1.2876238117201695, 'center_weight': 0.25335536974725453, 'eye_weight': 0.9074897722881083, 'aggression_weight': 6.91638850673793}. Best is trial 280 with value: 60.0.
[I 2024-10-25 09:21:45,732] Trial 336 finished with value: 49.0 and parameters: {'liberty_weight': 0.58568779624049, 'threat_weight': 9.035730974224453, 'stone_weight': 0.8361294586172887, 'center_weight': 0.10262195769892613, 'eye_weight': 2.9575563091314905, 'aggression_weight': 6.629337429551586}. Best is trial 280 with value: 60.0.
[I 2024-10-25 09:36:55,525] Trial 335 finished with value: 50.0 and parameters: {'liberty_weight': 0.44761419243915, 'threat_weight': 9.074933386153763, 'stone_weight': 1.1039278492259919, 'center_weight': 0.17435656962086368, 'eye_weight': 3.001568176904339, 'aggression_weight': 6.894365617074842}. Best is trial 280 with value: 60.0.
[I 2024-10-25 09:56:49,100] Trial 337 finished with value: 49.0 and parameters: {'liberty_weight': 0.6996232145624514, 'threat_weight': 6.503082434984051, 'stone_weight': 0.8490441688015364, 'center_weight': 0.03331773338864083, 'eye_weight': 2.2187221126670105, 'aggression_weight': 6.599754747831957}. Best is trial 280 with value: 60.0.
[I 2024-10-25 09:59:08,499] Trial 338 finished with value: 57.0 and parameters: {'liberty_weight': 1.6641939802046564, 'threat_weight': 9.120846211218536, 'stone_weight': 1.4076939236151063, 'center_weight': 0.5570431596420053, 'eye_weight': 0.5904336475544715, 'aggression_weight': 6.606716438696591}. Best is trial 280 with value: 60.0.
[I 2024-10-25 10:03:11,238] Trial 339 finished with value: 56.0 and parameters: {'liberty_weight': 1.5083953618874348, 'threat_weight': 9.127149662754997, 'stone_weight': 1.1111955219621539, 'center_weight': 0.5547933203325078, 'eye_weight': 2.6101020824737087, 'aggression_weight': 6.620192606723215}. Best is trial 280 with value: 60.0.
[I 2024-10-25 10:09:10,107] Trial 340 finished with value: 51.0 and parameters: {'liberty_weight': 0.4780894760671104, 'threat_weight': 9.164777490510666, 'stone_weight': 1.41126792657302, 'center_weight': 0.17359517639049798, 'eye_weight': 2.185798889762821, 'aggression_weight': 5.798986373313106}. Best is trial 280 with value: 60.0.
[I 2024-10-25 10:11:48,145] Trial 342 finished with value: 46.0 and parameters: {'liberty_weight': 0.4772237830175879, 'threat_weight': 9.130703438875445, 'stone_weight': 1.4134904088282711, 'center_weight': 0.5540778411983416, 'eye_weight': 2.233929863837659, 'aggression_weight': 5.812107033918561}. Best is trial 280 with value: 60.0.
[I 2024-10-25 10:14:39,095] Trial 343 finished with value: 52.0 and parameters: {'liberty_weight': 0.47291365801936947, 'threat_weight': 8.199264930726784, 'stone_weight': 1.4202350352076856, 'center_weight': 0.18130367014633195, 'eye_weight': 0.588360180615983, 'aggression_weight': 5.764314324767199}. Best is trial 280 with value: 60.0.
[I 2024-10-25 10:15:02,926] Trial 344 finished with value: 54.0 and parameters: {'liberty_weight': 1.5070711684585631, 'threat_weight': 8.208201065650412, 'stone_weight': 1.4367595786160194, 'center_weight': 0.8751114128549794, 'eye_weight': 2.214071188628236, 'aggression_weight': 5.775684242042153}. Best is trial 280 with value: 60.0.
[I 2024-10-25 10:15:27,459] Trial 341 finished with value: 54.0 and parameters: {'liberty_weight': 0.10939424900307848, 'threat_weight': 9.167342010099219, 'stone_weight': 1.406356805280024, 'center_weight': 0.5498697331220438, 'eye_weight': 0.6110351167824329, 'aggression_weight': 5.7490067027657155}. Best is trial 280 with value: 60.0.
[I 2024-10-25 10:17:59,068] Trial 345 finished with value: 50.0 and parameters: {'liberty_weight': 1.6672067880417394, 'threat_weight': 7.335193361113315, 'stone_weight': 1.1281818509179053, 'center_weight': 0.8739195427153187, 'eye_weight': 2.609618333175163, 'aggression_weight': 5.81983122123383}. Best is trial 280 with value: 60.0.
[I 2024-10-25 10:19:49,734] Trial 346 finished with value: 52.0 and parameters: {'liberty_weight': 1.7350324333726732, 'threat_weight': 9.190958480317182, 'stone_weight': 1.42610297670659, 'center_weight': 0.5633198448351211, 'eye_weight': 0.5687919340860389, 'aggression_weight': 6.336917322007819}. Best is trial 280 with value: 60.0.
[I 2024-10-25 10:25:21,376] Trial 347 finished with value: 45.0 and parameters: {'liberty_weight': 1.6801577831752252, 'threat_weight': 9.428363993880295, 'stone_weight': 1.4171788956954812, 'center_weight': 0.5364369749589784, 'eye_weight': 0.6416366917916185, 'aggression_weight': 5.270645801636693}. Best is trial 280 with value: 60.0.
[I 2024-10-25 10:28:33,302] Trial 348 finished with value: 55.0 and parameters: {'liberty_weight': 1.7586084701985525, 'threat_weight': 9.412686265399685, 'stone_weight': 1.0013203683076382, 'center_weight': 0.553395357364688, 'eye_weight': 0.5755177774183282, 'aggression_weight': 6.3043378000599475}. Best is trial 280 with value: 60.0.
[I 2024-10-25 10:34:13,413] Trial 349 finished with value: 48.0 and parameters: {'liberty_weight': 1.6841151455814225, 'threat_weight': 9.380663371951401, 'stone_weight': 0.9805891482388289, 'center_weight': 0.5849762446235371, 'eye_weight': 0.6303142053857338, 'aggression_weight': 1.0700227354689884}. Best is trial 280 with value: 60.0.
[I 2024-10-25 10:35:47,962] Trial 350 finished with value: 41.0 and parameters: {'liberty_weight': 1.6589511505564927, 'threat_weight': 7.284315285459301, 'stone_weight': 1.0068667502930977, 'center_weight': 0.5289972843741083, 'eye_weight': 0.7411187948492498, 'aggression_weight': 1.1160667275258582}. Best is trial 280 with value: 60.0.
[I 2024-10-25 10:37:00,926] Trial 352 finished with value: 47.0 and parameters: {'liberty_weight': 1.6699466916215375, 'threat_weight': 8.889868026544079, 'stone_weight': 1.1263810305695274, 'center_weight': 0.511186320084232, 'eye_weight': 0.5756262818551336, 'aggression_weight': 6.268596353681742}. Best is trial 280 with value: 60.0.
[I 2024-10-25 10:38:09,071] Trial 353 finished with value: 56.0 and parameters: {'liberty_weight': 1.7789868783214984, 'threat_weight': 8.808621584574196, 'stone_weight': 1.3335754237024717, 'center_weight': 0.5161020001671965, 'eye_weight': 0.5287544607868906, 'aggression_weight': 6.259428786346981}. Best is trial 280 with value: 60.0.
[I 2024-10-25 10:40:08,733] Trial 351 finished with value: 48.0 and parameters: {'liberty_weight': 0.11085967613904664, 'threat_weight': 9.467797686486078, 'stone_weight': 1.3321651062550361, 'center_weight': 0.5214516148178576, 'eye_weight': 0.5004035970770847, 'aggression_weight': 6.374742154245418}. Best is trial 280 with value: 60.0.
[I 2024-10-25 10:41:59,973] Trial 354 finished with value: 54.0 and parameters: {'liberty_weight': 1.6498469416138521, 'threat_weight': 8.872910249274273, 'stone_weight': 1.0151490097401283, 'center_weight': 0.522860867835892, 'eye_weight': 0.5088933627001788, 'aggression_weight': 6.391424862701715}. Best is trial 280 with value: 60.0.
[I 2024-10-25 10:48:10,601] Trial 355 finished with value: 51.0 and parameters: {'liberty_weight': 1.6490253656837475, 'threat_weight': 8.879857248640226, 'stone_weight': 0.983609209103662, 'center_weight': 0.5778330668785339, 'eye_weight': 0.7760454134513975, 'aggression_weight': 8.349803104341182}. Best is trial 280 with value: 60.0.
[I 2024-10-25 10:49:56,956] Trial 356 finished with value: 47.0 and parameters: {'liberty_weight': 1.6591040584867047, 'threat_weight': 8.85693155519753, 'stone_weight': 1.1258209229562341, 'center_weight': 0.9495352342010647, 'eye_weight': 0.7559316636052089, 'aggression_weight': 9.310637112549589}. Best is trial 280 with value: 60.0.
[I 2024-10-25 10:55:32,545] Trial 357 finished with value: 56.0 and parameters: {'liberty_weight': 1.6179348917857137, 'threat_weight': 8.428334283578172, 'stone_weight': 1.3278307360433934, 'center_weight': 0.9514269882933724, 'eye_weight': 0.7692099922365458, 'aggression_weight': 7.887264990682262}. Best is trial 280 with value: 60.0.
[I 2024-10-25 10:57:39,590] Trial 360 finished with value: 51.0 and parameters: {'liberty_weight': 1.6149813002442144, 'threat_weight': 8.528702730985756, 'stone_weight': 0.6878138247627177, 'center_weight': 0.9564426902073625, 'eye_weight': 0.7590947603137956, 'aggression_weight': 9.343394491219426}. Best is trial 280 with value: 60.0.
[I 2024-10-25 10:59:14,927] Trial 358 finished with value: 51.0 and parameters: {'liberty_weight': 1.5976429188221268, 'threat_weight': 8.445950436381256, 'stone_weight': 1.1091718443973406, 'center_weight': 0.4979337473339205, 'eye_weight': 0.7973592876875032, 'aggression_weight': 9.438897763383304}. Best is trial 280 with value: 60.0.
[I 2024-10-25 11:00:19,574] Trial 359 finished with value: 48.0 and parameters: {'liberty_weight': 0.30644387063887063, 'threat_weight': 8.43678079523616, 'stone_weight': 1.330982676925557, 'center_weight': 0.3219979176263569, 'eye_weight': 2.2990920398999943, 'aggression_weight': 8.005935622216459}. Best is trial 280 with value: 60.0.
[I 2024-10-25 11:01:20,489] Trial 361 finished with value: 52.0 and parameters: {'liberty_weight': 1.596264103909409, 'threat_weight': 8.448706198610841, 'stone_weight': 1.5684586471041748, 'center_weight': 0.324544569208123, 'eye_weight': 0.7801084585608923, 'aggression_weight': 9.355987147577776}. Best is trial 280 with value: 60.0.
[I 2024-10-25 11:06:57,219] Trial 362 finished with value: 49.0 and parameters: {'liberty_weight': 1.5966264566496717, 'threat_weight': 7.906164069277161, 'stone_weight': 2.654253961460939, 'center_weight': 0.5896518125413892, 'eye_weight': 0.7588675100012753, 'aggression_weight': 9.445456387414158}. Best is trial 280 with value: 60.0.
[I 2024-10-25 11:10:30,311] Trial 363 finished with value: 48.0 and parameters: {'liberty_weight': 1.6014916137470165, 'threat_weight': 6.8212893368169185, 'stone_weight': 1.2107862709840473, 'center_weight': 0.9637678662314035, 'eye_weight': 2.3640970923606504, 'aggression_weight': 9.136864379061691}. Best is trial 280 with value: 60.0.
[I 2024-10-25 11:15:19,530] Trial 364 finished with value: 51.0 and parameters: {'liberty_weight': 0.2654857239454178, 'threat_weight': 6.8125151861296, 'stone_weight': 0.7089395664905433, 'center_weight': 0.9532934608956415, 'eye_weight': 1.2785250242758417, 'aggression_weight': 8.195625021591088}. Best is trial 280 with value: 60.0.
[I 2024-10-25 11:16:43,697] Trial 365 finished with value: 54.0 and parameters: {'liberty_weight': 1.5820453992754056, 'threat_weight': 7.909297744288796, 'stone_weight': 1.2245729636751628, 'center_weight': 0.5938825135929449, 'eye_weight': 2.3351507168583487, 'aggression_weight': 7.074377425488651}. Best is trial 280 with value: 60.0.
[I 2024-10-25 11:19:36,365] Trial 367 finished with value: 52.0 and parameters: {'liberty_weight': 1.7093454321222412, 'threat_weight': 8.00947650035863, 'stone_weight': 1.550028772539248, 'center_weight': 0.5936203774447271, 'eye_weight': 2.06218967794924, 'aggression_weight': 8.00922638004967}. Best is trial 280 with value: 60.0.
[I 2024-10-25 11:19:51,608] Trial 366 finished with value: 44.0 and parameters: {'liberty_weight': 1.7136780030606737, 'threat_weight': 6.766790110476974, 'stone_weight': 1.5814548730437339, 'center_weight': 0.9000910304692207, 'eye_weight': 2.086336462364352, 'aggression_weight': 6.455120967750137}. Best is trial 280 with value: 60.0.
[I 2024-10-25 11:22:12,227] Trial 369 finished with value: 50.0 and parameters: {'liberty_weight': 1.7043769391676278, 'threat_weight': 7.9391274335711195, 'stone_weight': 1.213972709157699, 'center_weight': 0.8970084087988165, 'eye_weight': 2.0508916095979317, 'aggression_weight': 7.170397140955048}. Best is trial 280 with value: 60.0.
[I 2024-10-25 11:22:22,737] Trial 368 finished with value: 49.0 and parameters: {'liberty_weight': 1.4843559467089695, 'threat_weight': 7.968667512832379, 'stone_weight': 1.576843323750154, 'center_weight': 0.8996632180088373, 'eye_weight': 1.5564148615694515, 'aggression_weight': 7.297656372606397}. Best is trial 280 with value: 60.0.
[I 2024-10-25 11:26:14,106] Trial 370 finished with value: 45.0 and parameters: {'liberty_weight': 1.7141785936236997, 'threat_weight': 3.8023481010617064, 'stone_weight': 1.1995131695568637, 'center_weight': 0.234938542905471, 'eye_weight': 2.4116308146255605, 'aggression_weight': 7.268911016037261}. Best is trial 280 with value: 60.0.
[I 2024-10-25 11:31:54,363] Trial 371 finished with value: 47.0 and parameters: {'liberty_weight': 1.3334656686963815, 'threat_weight': 7.554172688615198, 'stone_weight': 1.2273838719049166, 'center_weight': 0.15097820210660243, 'eye_weight': 1.5848043353574717, 'aggression_weight': 6.061288602668173}. Best is trial 280 with value: 60.0.
[I 2024-10-25 11:38:05,806] Trial 372 finished with value: 51.0 and parameters: {'liberty_weight': 1.7185682701395448, 'threat_weight': 8.132764042744986, 'stone_weight': 1.1915533947201855, 'center_weight': 0.8906857362711088, 'eye_weight': 1.5569316387553263, 'aggression_weight': 7.1114349990502035}. Best is trial 280 with value: 60.0.
[I 2024-10-25 11:38:27,660] Trial 373 finished with value: 48.0 and parameters: {'liberty_weight': 1.393657249961092, 'threat_weight': 3.8294932792554484, 'stone_weight': 1.1882933735081642, 'center_weight': 0.1608411184430396, 'eye_weight': 2.0713570877288663, 'aggression_weight': 6.048233556752844}. Best is trial 280 with value: 60.0.
[I 2024-10-25 11:40:46,427] Trial 374 finished with value: 44.0 and parameters: {'liberty_weight': 1.4895735099812064, 'threat_weight': 4.9257261069888125, 'stone_weight': 1.379471440384453, 'center_weight': 0.9085314419041564, 'eye_weight': 1.597045949725365, 'aggression_weight': 7.249682401170488}. Best is trial 280 with value: 60.0.
[I 2024-10-25 11:41:11,275] Trial 377 finished with value: 51.0 and parameters: {'liberty_weight': 1.33114140883225, 'threat_weight': 4.133719330966639, 'stone_weight': 1.3781622666268294, 'center_weight': 0.15806151650105751, 'eye_weight': 1.156145275633841, 'aggression_weight': 6.050598182661835}. Best is trial 280 with value: 60.0.
[I 2024-10-25 11:41:13,697] Trial 375 finished with value: 46.0 and parameters: {'liberty_weight': 1.4937602612898433, 'threat_weight': 8.122488159130349, 'stone_weight': 1.3816549532162175, 'center_weight': 0.1570754191787165, 'eye_weight': 1.5181699938720747, 'aggression_weight': 7.169076780847292}. Best is trial 280 with value: 60.0.
[I 2024-10-25 11:43:58,921] Trial 376 finished with value: 54.0 and parameters: {'liberty_weight': 0.7474261060924994, 'threat_weight': 7.511470590303301, 'stone_weight': 1.3980431354551306, 'center_weight': 0.37572599536464285, 'eye_weight': 1.1591112967499242, 'aggression_weight': 6.145583201985139}. Best is trial 280 with value: 60.0.
[I 2024-10-25 11:49:27,420] Trial 378 finished with value: 48.0 and parameters: {'liberty_weight': 0.8261689061198679, 'threat_weight': 7.628200074386705, 'stone_weight': 1.3588599120949276, 'center_weight': 0.08050955815432151, 'eye_weight': 1.2414422920280663, 'aggression_weight': 5.314955519691463}. Best is trial 280 with value: 60.0.
[I 2024-10-25 11:53:40,102] Trial 379 finished with value: 49.0 and parameters: {'liberty_weight': 0.8451263582690093, 'threat_weight': 8.262246606858202, 'stone_weight': 1.4925337561559862, 'center_weight': 0.14421744980392093, 'eye_weight': 0.8470600596032357, 'aggression_weight': 1.452059076100041}. Best is trial 280 with value: 60.0.
